This is pdfTeX, Version 3.141592653-2.6-1.40.24 (MiKTeX 22.8.28) (preloaded format=pdflatex 2022.9.20)  30 SEP 2022 18:19
entering extended mode
 restricted \write18 enabled.
 file:line:error style messages enabled.
 %&-line parsing enabled.
**c:/Users/aless/git/SaMLMfTSA/LaTeX/Seminar.tex
(c:/Users/aless/git/SaMLMfTSA/LaTeX/Seminar.tex
LaTeX2e <2022-06-01> patch level 5
L3 programming layer <2022-08-30> (C:\Users\aless\AppData\Local\Programs\MiKTeX\tex/latex/beamer\beamer.cls
Document Class: beamer 2022/05/17 v3.67 A class for typesetting presentations
(C:\Users\aless\AppData\Local\Programs\MiKTeX\tex/latex/beamer\beamerbasemodes.sty (C:\Users\aless\AppData\Local\Programs\MiKTeX\tex/latex/etoolbox\etoolbox.sty
Package: etoolbox 2020/10/05 v2.5k e-TeX tools for LaTeX (JAW)
\etb@tempcnta=\count185
)
\beamer@tempbox=\box51
\beamer@tempcount=\count186
\c@beamerpauses=\count187
 (C:\Users\aless\AppData\Local\Programs\MiKTeX\tex/latex/beamer\beamerbasedecode.sty
\beamer@slideinframe=\count188
\beamer@minimum=\count189
\beamer@decode@box=\box52
)
\beamer@commentbox=\box53
\beamer@modecount=\count190
) (C:\Users\aless\AppData\Local\Programs\MiKTeX\tex/generic/iftex\iftex.sty
Package: iftex 2022/02/03 v1.0f TeX engine tests
)
\headdp=\dimen138
\footheight=\dimen139
\sidebarheight=\dimen140
\beamer@tempdim=\dimen141
\beamer@finalheight=\dimen142
\beamer@animht=\dimen143
\beamer@animdp=\dimen144
\beamer@animwd=\dimen145
\beamer@leftmargin=\dimen146
\beamer@rightmargin=\dimen147
\beamer@leftsidebar=\dimen148
\beamer@rightsidebar=\dimen149
\beamer@boxsize=\dimen150
\beamer@vboxoffset=\dimen151
\beamer@descdefault=\dimen152
\beamer@descriptionwidth=\dimen153
\beamer@lastskip=\skip47
\beamer@areabox=\box54
\beamer@animcurrent=\box55
\beamer@animshowbox=\box56
\beamer@sectionbox=\box57
\beamer@logobox=\box58
\beamer@linebox=\box59
\beamer@sectioncount=\count191
\beamer@subsubsectionmax=\count192
\beamer@subsectionmax=\count193
\beamer@sectionmax=\count194
\beamer@totalheads=\count195
\beamer@headcounter=\count196
\beamer@partstartpage=\count197
\beamer@sectionstartpage=\count198
\beamer@subsectionstartpage=\count199
\beamer@animationtempa=\count266
\beamer@animationtempb=\count267
\beamer@xpos=\count268
\beamer@ypos=\count269
\beamer@ypos@offset=\count270
\beamer@showpartnumber=\count271
\beamer@currentsubsection=\count272
\beamer@coveringdepth=\count273
\beamer@sectionadjust=\count274
\beamer@toclastsection=\count275
\beamer@tocsectionnumber=\count276
 (C:\Users\aless\AppData\Local\Programs\MiKTeX\tex/latex/beamer\beamerbaseoptions.sty (C:\Users\aless\AppData\Local\Programs\MiKTeX\tex/latex/graphics\keyval.sty
Package: keyval 2022/05/29 v1.15 key=value parser (DPC)
\KV@toks@=\toks16
))
\beamer@paperwidth=\skip48
\beamer@paperheight=\skip49
 (C:\Users\aless\AppData\Local\Programs\MiKTeX\tex/latex/geometry\geometry.sty
Package: geometry 2020/01/02 v5.9 Page Geometry
 (C:\Users\aless\AppData\Local\Programs\MiKTeX\tex/generic/iftex\ifvtex.sty
Package: ifvtex 2019/10/25 v1.7 ifvtex legacy package. Use iftex instead.
)
\Gm@cnth=\count277
\Gm@cntv=\count278
\c@Gm@tempcnt=\count279
\Gm@bindingoffset=\dimen154
\Gm@wd@mp=\dimen155
\Gm@odd@mp=\dimen156
\Gm@even@mp=\dimen157
\Gm@layoutwidth=\dimen158
\Gm@layoutheight=\dimen159
\Gm@layouthoffset=\dimen160
\Gm@layoutvoffset=\dimen161
\Gm@dimlist=\toks17
 (C:\Users\aless\AppData\Local\Programs\MiKTeX\tex/latex/geometry\geometry.cfg)) (C:\Users\aless\AppData\Local\Programs\MiKTeX\tex/latex/pgf/math\pgfmath.sty (C:\Users\aless\AppData\Local\Programs\MiKTeX\tex/latex/pgf/utilities\pgfrcs.sty (C:\Users\aless\AppData\Local\Programs\MiKTeX\tex/generic/pgf/utilities\pgfutil-common.tex
\pgfutil@everybye=\toks18
\pgfutil@tempdima=\dimen162
\pgfutil@tempdimb=\dimen163
 (C:\Users\aless\AppData\Local\Programs\MiKTeX\tex/generic/pgf/utilities\pgfutil-common-lists.tex)) (C:\Users\aless\AppData\Local\Programs\MiKTeX\tex/generic/pgf/utilities\pgfutil-latex.def
\pgfutil@abb=\box60
) (C:\Users\aless\AppData\Local\Programs\MiKTeX\tex/generic/pgf/utilities\pgfrcs.code.tex (C:\Users\aless\AppData\Local\Programs\MiKTeX\tex/generic/pgf\pgf.revision.tex)
Package: pgfrcs 2021/05/15 v3.1.9a (3.1.9a)
)) (C:\Users\aless\AppData\Local\Programs\MiKTeX\tex/latex/pgf/utilities\pgfkeys.sty (C:\Users\aless\AppData\Local\Programs\MiKTeX\tex/generic/pgf/utilities\pgfkeys.code.tex
\pgfkeys@pathtoks=\toks19
\pgfkeys@temptoks=\toks20
 (C:\Users\aless\AppData\Local\Programs\MiKTeX\tex/generic/pgf/utilities\pgfkeysfiltered.code.tex
\pgfkeys@tmptoks=\toks21
))) (C:\Users\aless\AppData\Local\Programs\MiKTeX\tex/generic/pgf/math\pgfmath.code.tex (C:\Users\aless\AppData\Local\Programs\MiKTeX\tex/generic/pgf/math\pgfmathcalc.code.tex (C:\Users\aless\AppData\Local\Programs\MiKTeX\tex/generic/pgf/math\pgfmathutil.code.tex
\pgf@x=\dimen164
\pgf@xa=\dimen165
\pgf@xb=\dimen166
\pgf@xc=\dimen167
\pgf@y=\dimen168
\pgf@ya=\dimen169
\pgf@yb=\dimen170
\pgf@yc=\dimen171
\c@pgf@counta=\count280
\c@pgf@countb=\count281
\c@pgf@countc=\count282
\c@pgf@countd=\count283
) (C:\Users\aless\AppData\Local\Programs\MiKTeX\tex/generic/pgf/math\pgfmathparser.code.tex
\pgfmath@dimen=\dimen172
\pgfmath@count=\count284
\pgfmath@box=\box61
\pgfmath@toks=\toks22
\pgfmath@stack@operand=\toks23
\pgfmath@stack@operation=\toks24
) (C:\Users\aless\AppData\Local\Programs\MiKTeX\tex/generic/pgf/math\pgfmathfunctions.code.tex (C:\Users\aless\AppData\Local\Programs\MiKTeX\tex/generic/pgf/math\pgfmathfunctions.basic.code.tex) (C:\Users\aless\AppData\Local\Programs\MiKTeX\tex/generic/pgf/math\pgfmathfunctions.trigonometric.code.tex) (C:\Users\aless\AppData\Local\Programs\MiKTeX\tex/generic/pgf/math\pgfmathfunctions.random.code.tex) (C:\Users\aless\AppData\Local\Programs\MiKTeX\tex/generic/pgf/math\pgfmathfunctions.comparison.code.tex) (C:\Users\aless\AppData\Local\Programs\MiKTeX\tex/generic/pgf/math\pgfmathfunctions.base.code.tex) (C:\Users\aless\AppData\Local\Programs\MiKTeX\tex/generic/pgf/math\pgfmathfunctions.round.code.tex) (C:\Users\aless\AppData\Local\Programs\MiKTeX\tex/generic/pgf/math\pgfmathfunctions.misc.code.tex) (C:\Users\aless\AppData\Local\Programs\MiKTeX\tex/generic/pgf/math\pgfmathfunctions.integerarithmetics.code.tex))) (C:\Users\aless\AppData\Local\Programs\MiKTeX\tex/generic/pgf/math\pgfmathfloat.code.tex
\c@pgfmathroundto@lastzeros=\count285
))) (C:\Users\aless\AppData\Local\Programs\MiKTeX\tex/latex/base\size11.clo
File: size11.clo 2021/10/04 v1.4n Standard LaTeX file (size option)
) (C:\Users\aless\AppData\Local\Programs\MiKTeX\tex/latex/pgf/basiclayer\pgfcore.sty (C:\Users\aless\AppData\Local\Programs\MiKTeX\tex/latex/graphics\graphicx.sty
Package: graphicx 2021/09/16 v1.2d Enhanced LaTeX Graphics (DPC,SPQR)
 (C:\Users\aless\AppData\Local\Programs\MiKTeX\tex/latex/graphics\graphics.sty
Package: graphics 2022/03/10 v1.4e Standard LaTeX Graphics (DPC,SPQR)
 (C:\Users\aless\AppData\Local\Programs\MiKTeX\tex/latex/graphics\trig.sty
Package: trig 2021/08/11 v1.11 sin cos tan (DPC)
) (C:\Users\aless\AppData\Local\Programs\MiKTeX\tex/latex/graphics-cfg\graphics.cfg
File: graphics.cfg 2016/06/04 v1.11 sample graphics configuration
)
Package graphics Info: Driver file: pdftex.def on input line 107.
 (C:\Users\aless\AppData\Local\Programs\MiKTeX\tex/latex/graphics-def\pdftex.def
File: pdftex.def 2020/10/05 v1.2a Graphics/color driver for pdftex
))
\Gin@req@height=\dimen173
\Gin@req@width=\dimen174
) (C:\Users\aless\AppData\Local\Programs\MiKTeX\tex/latex/pgf/systemlayer\pgfsys.sty (C:\Users\aless\AppData\Local\Programs\MiKTeX\tex/generic/pgf/systemlayer\pgfsys.code.tex
Package: pgfsys 2021/05/15 v3.1.9a (3.1.9a)
 (C:\Users\aless\AppData\Local\Programs\MiKTeX\tex/generic/pgf/utilities\pgfkeys.code.tex)
\pgf@x=\dimen175
\pgf@y=\dimen176
\pgf@xa=\dimen177
\pgf@ya=\dimen178
\pgf@xb=\dimen179
\pgf@yb=\dimen180
\pgf@xc=\dimen181
\pgf@yc=\dimen182
\pgf@xd=\dimen183
\pgf@yd=\dimen184
\w@pgf@writea=\write3
\r@pgf@reada=\read2
\c@pgf@counta=\count286
\c@pgf@countb=\count287
\c@pgf@countc=\count288
\c@pgf@countd=\count289
\t@pgf@toka=\toks25
\t@pgf@tokb=\toks26
\t@pgf@tokc=\toks27
\pgf@sys@id@count=\count290
 (C:\Users\aless\AppData\Local\Programs\MiKTeX\tex/generic/pgf/systemlayer\pgf.cfg
File: pgf.cfg 2021/05/15 v3.1.9a (3.1.9a)
)
Driver file for pgf: pgfsys-pdftex.def
 (C:\Users\aless\AppData\Local\Programs\MiKTeX\tex/generic/pgf/systemlayer\pgfsys-pdftex.def
File: pgfsys-pdftex.def 2021/05/15 v3.1.9a (3.1.9a)
 (C:\Users\aless\AppData\Local\Programs\MiKTeX\tex/generic/pgf/systemlayer\pgfsys-common-pdf.def
File: pgfsys-common-pdf.def 2021/05/15 v3.1.9a (3.1.9a)
))) (C:\Users\aless\AppData\Local\Programs\MiKTeX\tex/generic/pgf/systemlayer\pgfsyssoftpath.code.tex
File: pgfsyssoftpath.code.tex 2021/05/15 v3.1.9a (3.1.9a)
\pgfsyssoftpath@smallbuffer@items=\count291
\pgfsyssoftpath@bigbuffer@items=\count292
) (C:\Users\aless\AppData\Local\Programs\MiKTeX\tex/generic/pgf/systemlayer\pgfsysprotocol.code.tex
File: pgfsysprotocol.code.tex 2021/05/15 v3.1.9a (3.1.9a)
)) (C:\Users\aless\AppData\Local\Programs\MiKTeX\tex/latex/xcolor\xcolor.sty
Package: xcolor 2022/06/12 v2.14 LaTeX color extensions (UK)
 (C:\Users\aless\AppData\Local\Programs\MiKTeX\tex/latex/graphics-cfg\color.cfg
File: color.cfg 2016/01/02 v1.6 sample color configuration
)
Package xcolor Info: Driver file: pdftex.def on input line 227.
 (C:\Users\aless\AppData\Local\Programs\MiKTeX\tex/latex-dev/graphics\mathcolor.ltx)
Package xcolor Info: Model `cmy' substituted by `cmy0' on input line 1353.
Package xcolor Info: Model `hsb' substituted by `rgb' on input line 1357.
Package xcolor Info: Model `RGB' extended on input line 1369.
Package xcolor Info: Model `HTML' substituted by `rgb' on input line 1371.
Package xcolor Info: Model `Hsb' substituted by `hsb' on input line 1372.
Package xcolor Info: Model `tHsb' substituted by `hsb' on input line 1373.
Package xcolor Info: Model `HSB' substituted by `hsb' on input line 1374.
Package xcolor Info: Model `Gray' substituted by `gray' on input line 1375.
Package xcolor Info: Model `wave' substituted by `hsb' on input line 1376.
) (C:\Users\aless\AppData\Local\Programs\MiKTeX\tex/generic/pgf/basiclayer\pgfcore.code.tex
Package: pgfcore 2021/05/15 v3.1.9a (3.1.9a)
 (C:\Users\aless\AppData\Local\Programs\MiKTeX\tex/generic/pgf/math\pgfmath.code.tex) (C:\Users\aless\AppData\Local\Programs\MiKTeX\tex/generic/pgf/math\pgfint.code.tex) (C:\Users\aless\AppData\Local\Programs\MiKTeX\tex/generic/pgf/basiclayer\pgfcorepoints.code.tex
File: pgfcorepoints.code.tex 2021/05/15 v3.1.9a (3.1.9a)
\pgf@picminx=\dimen185
\pgf@picmaxx=\dimen186
\pgf@picminy=\dimen187
\pgf@picmaxy=\dimen188
\pgf@pathminx=\dimen189
\pgf@pathmaxx=\dimen190
\pgf@pathminy=\dimen191
\pgf@pathmaxy=\dimen192
\pgf@xx=\dimen193
\pgf@xy=\dimen194
\pgf@yx=\dimen195
\pgf@yy=\dimen196
\pgf@zx=\dimen197
\pgf@zy=\dimen198
) (C:\Users\aless\AppData\Local\Programs\MiKTeX\tex/generic/pgf/basiclayer\pgfcorepathconstruct.code.tex
File: pgfcorepathconstruct.code.tex 2021/05/15 v3.1.9a (3.1.9a)
\pgf@path@lastx=\dimen199
\pgf@path@lasty=\dimen256
) (C:\Users\aless\AppData\Local\Programs\MiKTeX\tex/generic/pgf/basiclayer\pgfcorepathusage.code.tex
File: pgfcorepathusage.code.tex 2021/05/15 v3.1.9a (3.1.9a)
\pgf@shorten@end@additional=\dimen257
\pgf@shorten@start@additional=\dimen258
) (C:\Users\aless\AppData\Local\Programs\MiKTeX\tex/generic/pgf/basiclayer\pgfcorescopes.code.tex
File: pgfcorescopes.code.tex 2021/05/15 v3.1.9a (3.1.9a)
\pgfpic=\box62
\pgf@hbox=\box63
\pgf@layerbox@main=\box64
\pgf@picture@serial@count=\count293
) (C:\Users\aless\AppData\Local\Programs\MiKTeX\tex/generic/pgf/basiclayer\pgfcoregraphicstate.code.tex
File: pgfcoregraphicstate.code.tex 2021/05/15 v3.1.9a (3.1.9a)
\pgflinewidth=\dimen259
) (C:\Users\aless\AppData\Local\Programs\MiKTeX\tex/generic/pgf/basiclayer\pgfcoretransformations.code.tex
File: pgfcoretransformations.code.tex 2021/05/15 v3.1.9a (3.1.9a)
\pgf@pt@x=\dimen260
\pgf@pt@y=\dimen261
\pgf@pt@temp=\dimen262
) (C:\Users\aless\AppData\Local\Programs\MiKTeX\tex/generic/pgf/basiclayer\pgfcorequick.code.tex
File: pgfcorequick.code.tex 2021/05/15 v3.1.9a (3.1.9a)
) (C:\Users\aless\AppData\Local\Programs\MiKTeX\tex/generic/pgf/basiclayer\pgfcoreobjects.code.tex
File: pgfcoreobjects.code.tex 2021/05/15 v3.1.9a (3.1.9a)
) (C:\Users\aless\AppData\Local\Programs\MiKTeX\tex/generic/pgf/basiclayer\pgfcorepathprocessing.code.tex
File: pgfcorepathprocessing.code.tex 2021/05/15 v3.1.9a (3.1.9a)
) (C:\Users\aless\AppData\Local\Programs\MiKTeX\tex/generic/pgf/basiclayer\pgfcorearrows.code.tex
File: pgfcorearrows.code.tex 2021/05/15 v3.1.9a (3.1.9a)
\pgfarrowsep=\dimen263
) (C:\Users\aless\AppData\Local\Programs\MiKTeX\tex/generic/pgf/basiclayer\pgfcoreshade.code.tex
File: pgfcoreshade.code.tex 2021/05/15 v3.1.9a (3.1.9a)
\pgf@max=\dimen264
\pgf@sys@shading@range@num=\count294
\pgf@shadingcount=\count295
) (C:\Users\aless\AppData\Local\Programs\MiKTeX\tex/generic/pgf/basiclayer\pgfcoreimage.code.tex
File: pgfcoreimage.code.tex 2021/05/15 v3.1.9a (3.1.9a)
 (C:\Users\aless\AppData\Local\Programs\MiKTeX\tex/generic/pgf/basiclayer\pgfcoreexternal.code.tex
File: pgfcoreexternal.code.tex 2021/05/15 v3.1.9a (3.1.9a)
\pgfexternal@startupbox=\box65
)) (C:\Users\aless\AppData\Local\Programs\MiKTeX\tex/generic/pgf/basiclayer\pgfcorelayers.code.tex
File: pgfcorelayers.code.tex 2021/05/15 v3.1.9a (3.1.9a)
) (C:\Users\aless\AppData\Local\Programs\MiKTeX\tex/generic/pgf/basiclayer\pgfcoretransparency.code.tex
File: pgfcoretransparency.code.tex 2021/05/15 v3.1.9a (3.1.9a)
) (C:\Users\aless\AppData\Local\Programs\MiKTeX\tex/generic/pgf/basiclayer\pgfcorepatterns.code.tex
File: pgfcorepatterns.code.tex 2021/05/15 v3.1.9a (3.1.9a)
) (C:\Users\aless\AppData\Local\Programs\MiKTeX\tex/generic/pgf/basiclayer\pgfcorerdf.code.tex
File: pgfcorerdf.code.tex 2021/05/15 v3.1.9a (3.1.9a)
))) (C:\Users\aless\AppData\Local\Programs\MiKTeX\tex/latex/pgf/utilities\xxcolor.sty
Package: xxcolor 2003/10/24 ver 0.1
\XC@nummixins=\count296
\XC@countmixins=\count297
) (C:\Users\aless\AppData\Local\Programs\MiKTeX\tex/latex/base\atbegshi-ltx.sty
Package: atbegshi-ltx 2021/01/10 v1.0c Emulation of the original atbegshi
package with kernel methods
) (C:\Users\aless\AppData\Local\Programs\MiKTeX\tex/latex/hyperref\hyperref.sty
Package: hyperref 2022-06-20 v7.00s Hypertext links for LaTeX
 (C:\Users\aless\AppData\Local\Programs\MiKTeX\tex/generic/ltxcmds\ltxcmds.sty
Package: ltxcmds 2020-05-10 v1.25 LaTeX kernel commands for general use (HO)
) (C:\Users\aless\AppData\Local\Programs\MiKTeX\tex/generic/pdftexcmds\pdftexcmds.sty
Package: pdftexcmds 2020-06-27 v0.33 Utility functions of pdfTeX for LuaTeX (HO)
 (C:\Users\aless\AppData\Local\Programs\MiKTeX\tex/generic/infwarerr\infwarerr.sty
Package: infwarerr 2019/12/03 v1.5 Providing info/warning/error messages (HO)
)
Package pdftexcmds Info: \pdf@primitive is available.
Package pdftexcmds Info: \pdf@ifprimitive is available.
Package pdftexcmds Info: \pdfdraftmode found.
) (C:\Users\aless\AppData\Local\Programs\MiKTeX\tex/generic/kvsetkeys\kvsetkeys.sty
Package: kvsetkeys 2019/12/15 v1.18 Key value parser (HO)
) (C:\Users\aless\AppData\Local\Programs\MiKTeX\tex/generic/kvdefinekeys\kvdefinekeys.sty
Package: kvdefinekeys 2019-12-19 v1.6 Define keys (HO)
) (C:\Users\aless\AppData\Local\Programs\MiKTeX\tex/generic/pdfescape\pdfescape.sty
Package: pdfescape 2019/12/09 v1.15 Implements pdfTeX's escape features (HO)
) (C:\Users\aless\AppData\Local\Programs\MiKTeX\tex/latex/hycolor\hycolor.sty
Package: hycolor 2020-01-27 v1.10 Color options for hyperref/bookmark (HO)
) (C:\Users\aless\AppData\Local\Programs\MiKTeX\tex/latex/letltxmacro\letltxmacro.sty
Package: letltxmacro 2019/12/03 v1.6 Let assignment for LaTeX macros (HO)
) (C:\Users\aless\AppData\Local\Programs\MiKTeX\tex/latex/auxhook\auxhook.sty
Package: auxhook 2019-12-17 v1.6 Hooks for auxiliary files (HO)
) (C:\Users\aless\AppData\Local\Programs\MiKTeX\tex/latex/hyperref\nameref.sty
Package: nameref 2022-05-17 v2.50 Cross-referencing by name of section
 (C:\Users\aless\AppData\Local\Programs\MiKTeX\tex/latex/refcount\refcount.sty
Package: refcount 2019/12/15 v3.6 Data extraction from label references (HO)
) (C:\Users\aless\AppData\Local\Programs\MiKTeX\tex/generic/gettitlestring\gettitlestring.sty
Package: gettitlestring 2019/12/15 v1.6 Cleanup title references (HO)
 (C:\Users\aless\AppData\Local\Programs\MiKTeX\tex/latex/kvoptions\kvoptions.sty
Package: kvoptions 2022-06-15 v3.15 Key value format for package options (HO)
))
\c@section@level=\count298
)
\@linkdim=\dimen265
\Hy@linkcounter=\count299
\Hy@pagecounter=\count300
 (C:\Users\aless\AppData\Local\Programs\MiKTeX\tex/latex/hyperref\pd1enc.def
File: pd1enc.def 2022-06-20 v7.00s Hyperref: PDFDocEncoding definition (HO)
Now handling font encoding PD1 ...
... no UTF-8 mapping file for font encoding PD1
) (C:\Users\aless\AppData\Local\Programs\MiKTeX\tex/generic/intcalc\intcalc.sty
Package: intcalc 2019/12/15 v1.3 Expandable calculations with integers (HO)
) (C:\Users\aless\AppData\Local\Programs\MiKTeX\tex/generic/etexcmds\etexcmds.sty
Package: etexcmds 2019/12/15 v1.7 Avoid name clashes with e-TeX commands (HO)
)
\Hy@SavedSpaceFactor=\count301
 (C:\Users\aless\AppData\Local\Programs\MiKTeX\tex/latex/hyperref\puenc.def
File: puenc.def 2022-06-20 v7.00s Hyperref: PDF Unicode definition (HO)
Now handling font encoding PU ...
... no UTF-8 mapping file for font encoding PU
)
Package hyperref Info: Option `bookmarks' set `true' on input line 4045.
Package hyperref Info: Option `bookmarksopen' set `true' on input line 4045.
Package hyperref Info: Option `implicit' set `false' on input line 4045.
Package hyperref Info: Hyper figures OFF on input line 4162.
Package hyperref Info: Link nesting OFF on input line 4167.
Package hyperref Info: Hyper index ON on input line 4170.
Package hyperref Info: Plain pages OFF on input line 4177.
Package hyperref Info: Backreferencing OFF on input line 4182.
Package hyperref Info: Implicit mode OFF; no redefinition of LaTeX internals.
Package hyperref Info: Bookmarks ON on input line 4408.
\c@Hy@tempcnt=\count302
 (C:\Users\aless\AppData\Local\Programs\MiKTeX\tex/latex/url\url.sty
\Urlmuskip=\muskip16
Package: url 2013/09/16  ver 3.4  Verb mode for urls, etc.
)
LaTeX Info: Redefining \url on input line 4746.
\XeTeXLinkMargin=\dimen266
 (C:\Users\aless\AppData\Local\Programs\MiKTeX\tex/generic/bitset\bitset.sty
Package: bitset 2019/12/09 v1.3 Handle bit-vector datatype (HO)
 (C:\Users\aless\AppData\Local\Programs\MiKTeX\tex/generic/bigintcalc\bigintcalc.sty
Package: bigintcalc 2019/12/15 v1.5 Expandable calculations on big integers (HO)
))
\Fld@menulength=\count303
\Field@Width=\dimen267
\Fld@charsize=\dimen268
Package hyperref Info: Hyper figures OFF on input line 6024.
Package hyperref Info: Link nesting OFF on input line 6029.
Package hyperref Info: Hyper index ON on input line 6032.
Package hyperref Info: backreferencing OFF on input line 6039.
Package hyperref Info: Link coloring OFF on input line 6044.
Package hyperref Info: Link coloring with OCG OFF on input line 6049.
Package hyperref Info: PDF/A mode OFF on input line 6054.
\Hy@abspage=\count304


Package hyperref Message: Stopped early.

)
Package hyperref Info: Driver (autodetected): hpdftex.
 (C:\Users\aless\AppData\Local\Programs\MiKTeX\tex/latex/hyperref\hpdftex.def
File: hpdftex.def 2022-06-20 v7.00s Hyperref driver for pdfTeX
 (C:\Users\aless\AppData\Local\Programs\MiKTeX\tex/latex/base\atveryend-ltx.sty
Package: atveryend-ltx 2020/08/19 v1.0a Emulation of the original atveryend package
with kernel methods
)
\Fld@listcount=\count305
\c@bookmark@seq@number=\count306
 (C:\Users\aless\AppData\Local\Programs\MiKTeX\tex/latex/rerunfilecheck\rerunfilecheck.sty
Package: rerunfilecheck 2022-07-10 v1.10 Rerun checks for auxiliary files (HO)
 (C:\Users\aless\AppData\Local\Programs\MiKTeX\tex/generic/uniquecounter\uniquecounter.sty
Package: uniquecounter 2019/12/15 v1.4 Provide unlimited unique counter (HO)
)
Package uniquecounter Info: New unique counter `rerunfilecheck' on input line 285.
)) (C:\Users\aless\AppData\Local\Programs\MiKTeX\tex/latex/beamer\beamerbaserequires.sty (C:\Users\aless\AppData\Local\Programs\MiKTeX\tex/latex/beamer\beamerbasecompatibility.sty) (C:\Users\aless\AppData\Local\Programs\MiKTeX\tex/latex/beamer\beamerbasefont.sty (C:\Users\aless\AppData\Local\Programs\MiKTeX\tex/latex/amsfonts\amssymb.sty
Package: amssymb 2013/01/14 v3.01 AMS font symbols
 (C:\Users\aless\AppData\Local\Programs\MiKTeX\tex/latex/amsfonts\amsfonts.sty
Package: amsfonts 2013/01/14 v3.01 Basic AMSFonts support
\@emptytoks=\toks28
\symAMSa=\mathgroup4
\symAMSb=\mathgroup5
LaTeX Font Info:    Redeclaring math symbol \hbar on input line 98.
LaTeX Font Info:    Overwriting math alphabet `\mathfrak' in version `bold'
(Font)                  U/euf/m/n --> U/euf/b/n on input line 106.
)) (C:\Users\aless\AppData\Local\Programs\MiKTeX\tex/latex/sansmathaccent\sansmathaccent.sty
Package: sansmathaccent 2020/01/31
 (C:\Users\aless\AppData\Local\Programs\MiKTeX\tex/latex/koma-script\scrlfile.sty
Package: scrlfile 2022/07/04 v3.37 KOMA-Script package (file load hooks)
 (C:\Users\aless\AppData\Local\Programs\MiKTeX\tex/latex/koma-script\scrlfile-hook.sty
Package: scrlfile-hook 2022/07/04 v3.37 KOMA-Script package (using LaTeX hooks)
 (C:\Users\aless\AppData\Local\Programs\MiKTeX\tex/latex/koma-script\scrlogo.sty
Package: scrlogo 2022/07/04 v3.37 KOMA-Script package (logo)
))))) (C:\Users\aless\AppData\Local\Programs\MiKTeX\tex/latex/beamer\beamerbasetranslator.sty (C:\Users\aless\AppData\Local\Programs\MiKTeX\tex/latex/translator\translator.sty
Package: translator 2021-05-31 v1.12d Easy translation of strings in LaTeX
)) (C:\Users\aless\AppData\Local\Programs\MiKTeX\tex/latex/beamer\beamerbasemisc.sty) (C:\Users\aless\AppData\Local\Programs\MiKTeX\tex/latex/beamer\beamerbasetwoscreens.sty) (C:\Users\aless\AppData\Local\Programs\MiKTeX\tex/latex/beamer\beamerbaseoverlay.sty
\beamer@argscount=\count307
\beamer@lastskipcover=\skip50
\beamer@trivlistdepth=\count308
) (C:\Users\aless\AppData\Local\Programs\MiKTeX\tex/latex/beamer\beamerbasetitle.sty) (C:\Users\aless\AppData\Local\Programs\MiKTeX\tex/latex/beamer\beamerbasesection.sty
\c@lecture=\count309
\c@part=\count310
\c@section=\count311
\c@subsection=\count312
\c@subsubsection=\count313
) (C:\Users\aless\AppData\Local\Programs\MiKTeX\tex/latex/beamer\beamerbaseframe.sty
\beamer@framebox=\box66
\beamer@frametitlebox=\box67
\beamer@zoombox=\box68
\beamer@zoomcount=\count314
\beamer@zoomframecount=\count315
\beamer@frametextheight=\dimen269
\c@subsectionslide=\count316
\beamer@frametopskip=\skip51
\beamer@framebottomskip=\skip52
\beamer@frametopskipautobreak=\skip53
\beamer@framebottomskipautobreak=\skip54
\beamer@envbody=\toks29
\framewidth=\dimen270
\c@framenumber=\count317
) (C:\Users\aless\AppData\Local\Programs\MiKTeX\tex/latex/beamer\beamerbaseverbatim.sty
\beamer@verbatimfileout=\write4
) (C:\Users\aless\AppData\Local\Programs\MiKTeX\tex/latex/beamer\beamerbaseframesize.sty
\beamer@splitbox=\box69
\beamer@autobreakcount=\count318
\beamer@autobreaklastheight=\dimen271
\beamer@frametitletoks=\toks30
\beamer@framesubtitletoks=\toks31
) (C:\Users\aless\AppData\Local\Programs\MiKTeX\tex/latex/beamer\beamerbaseframecomponents.sty
\beamer@footins=\box70
) (C:\Users\aless\AppData\Local\Programs\MiKTeX\tex/latex/beamer\beamerbasecolor.sty) (C:\Users\aless\AppData\Local\Programs\MiKTeX\tex/latex/beamer\beamerbasenotes.sty
\beamer@frameboxcopy=\box71
) (C:\Users\aless\AppData\Local\Programs\MiKTeX\tex/latex/beamer\beamerbasetoc.sty) (C:\Users\aless\AppData\Local\Programs\MiKTeX\tex/latex/beamer\beamerbasetemplates.sty
\beamer@sbttoks=\toks32
 (C:\Users\aless\AppData\Local\Programs\MiKTeX\tex/latex/beamer\beamerbaseauxtemplates.sty (C:\Users\aless\AppData\Local\Programs\MiKTeX\tex/latex/beamer\beamerbaseboxes.sty
\bmb@box=\box72
\bmb@colorbox=\box73
\bmb@boxwidth=\dimen272
\bmb@boxheight=\dimen273
\bmb@prevheight=\dimen274
\bmb@temp=\dimen275
\bmb@dima=\dimen276
\bmb@dimb=\dimen277
\bmb@prevheight=\dimen278
)
\beamer@blockheadheight=\dimen279
)) (C:\Users\aless\AppData\Local\Programs\MiKTeX\tex/latex/beamer\beamerbaselocalstructure.sty (C:\Users\aless\AppData\Local\Programs\MiKTeX\tex/latex/tools\enumerate.sty
Package: enumerate 2015/07/23 v3.00 enumerate extensions (DPC)
\@enLab=\toks33
)
\beamer@bibiconwidth=\skip55
\c@figure=\count319
\c@table=\count320
\abovecaptionskip=\skip56
\belowcaptionskip=\skip57
) (C:\Users\aless\AppData\Local\Programs\MiKTeX\tex/latex/beamer\beamerbasenavigation.sty
\beamer@section@min@dim=\dimen280
) (C:\Users\aless\AppData\Local\Programs\MiKTeX\tex/latex/beamer\beamerbasetheorems.sty (C:\Users\aless\AppData\Local\Programs\MiKTeX\tex/latex/amsmath\amsmath.sty
Package: amsmath 2022/04/08 v2.17n AMS math features
\@mathmargin=\skip58

For additional information on amsmath, use the `?' option.
(C:\Users\aless\AppData\Local\Programs\MiKTeX\tex/latex/amsmath\amstext.sty
Package: amstext 2021/08/26 v2.01 AMS text
 (C:\Users\aless\AppData\Local\Programs\MiKTeX\tex/latex/amsmath\amsgen.sty
File: amsgen.sty 1999/11/30 v2.0 generic functions
\@emptytoks=\toks34
\ex@=\dimen281
)) (C:\Users\aless\AppData\Local\Programs\MiKTeX\tex/latex/amsmath\amsbsy.sty
Package: amsbsy 1999/11/29 v1.2d Bold Symbols
\pmbraise@=\dimen282
) (C:\Users\aless\AppData\Local\Programs\MiKTeX\tex/latex/amsmath\amsopn.sty
Package: amsopn 2022/04/08 v2.04 operator names
)
\inf@bad=\count321
LaTeX Info: Redefining \frac on input line 234.
\uproot@=\count322
\leftroot@=\count323
LaTeX Info: Redefining \overline on input line 399.
LaTeX Info: Redefining \colon on input line 410.
\classnum@=\count324
\DOTSCASE@=\count325
LaTeX Info: Redefining \ldots on input line 496.
LaTeX Info: Redefining \dots on input line 499.
LaTeX Info: Redefining \cdots on input line 620.
\Mathstrutbox@=\box74
\strutbox@=\box75
LaTeX Info: Redefining \big on input line 722.
LaTeX Info: Redefining \Big on input line 723.
LaTeX Info: Redefining \bigg on input line 724.
LaTeX Info: Redefining \Bigg on input line 725.
\big@size=\dimen283
LaTeX Font Info:    Redeclaring font encoding OML on input line 743.
LaTeX Font Info:    Redeclaring font encoding OMS on input line 744.
\macc@depth=\count326
LaTeX Info: Redefining \bmod on input line 905.
LaTeX Info: Redefining \pmod on input line 910.
LaTeX Info: Redefining \smash on input line 940.
LaTeX Info: Redefining \relbar on input line 970.
LaTeX Info: Redefining \Relbar on input line 971.
\c@MaxMatrixCols=\count327
\dotsspace@=\muskip17
\c@parentequation=\count328
\dspbrk@lvl=\count329
\tag@help=\toks35
\row@=\count330
\column@=\count331
\maxfields@=\count332
\andhelp@=\toks36
\eqnshift@=\dimen284
\alignsep@=\dimen285
\tagshift@=\dimen286
\tagwidth@=\dimen287
\totwidth@=\dimen288
\lineht@=\dimen289
\@envbody=\toks37
\multlinegap=\skip59
\multlinetaggap=\skip60
\mathdisplay@stack=\toks38
LaTeX Info: Redefining \[ on input line 2953.
LaTeX Info: Redefining \] on input line 2954.
) (C:\Users\aless\AppData\Local\Programs\MiKTeX\tex/latex/amscls\amsthm.sty
Package: amsthm 2020/05/29 v2.20.6
\thm@style=\toks39
\thm@bodyfont=\toks40
\thm@headfont=\toks41
\thm@notefont=\toks42
\thm@headpunct=\toks43
\thm@preskip=\skip61
\thm@postskip=\skip62
\thm@headsep=\skip63
\dth@everypar=\toks44
)
\c@theorem=\count333
) (C:\Users\aless\AppData\Local\Programs\MiKTeX\tex/latex/beamer\beamerbasethemes.sty)) (C:\Users\aless\AppData\Local\Programs\MiKTeX\tex/latex/beamer\beamerthemedefault.sty (C:\Users\aless\AppData\Local\Programs\MiKTeX\tex/latex/beamer\beamerfontthemedefault.sty) (C:\Users\aless\AppData\Local\Programs\MiKTeX\tex/latex/beamer\beamercolorthemedefault.sty) (C:\Users\aless\AppData\Local\Programs\MiKTeX\tex/latex/beamer\beamerinnerthemedefault.sty
\beamer@dima=\dimen290
\beamer@dimb=\dimen291
) (C:\Users\aless\AppData\Local\Programs\MiKTeX\tex/latex/beamer\beamerouterthemedefault.sty))) (C:\Users\aless\AppData\Local\Programs\MiKTeX\tex/latex/beamer\beamerthemeWarsaw.sty (C:\Users\aless\AppData\Local\Programs\MiKTeX\tex/latex/beamer\beamerinnerthemerounded.sty) (C:\Users\aless\AppData\Local\Programs\MiKTeX\tex/latex/beamer\beamerouterthemeshadow.sty (C:\Users\aless\AppData\Local\Programs\MiKTeX\tex/latex/beamer\beamerouterthemesplit.sty)) (C:\Users\aless\AppData\Local\Programs\MiKTeX\tex/latex/beamer\beamercolorthemeorchid.sty) (C:\Users\aless\AppData\Local\Programs\MiKTeX\tex/latex/beamer\beamercolorthemewhale.sty)) (C:\Users\aless\AppData\Local\Programs\MiKTeX\tex/latex/booktabs\booktabs.sty
Package: booktabs 2020/01/12 v1.61803398 Publication quality tables
\heavyrulewidth=\dimen292
\lightrulewidth=\dimen293
\cmidrulewidth=\dimen294
\belowrulesep=\dimen295
\belowbottomsep=\dimen296
\aboverulesep=\dimen297
\abovetopsep=\dimen298
\cmidrulesep=\dimen299
\cmidrulekern=\dimen300
\defaultaddspace=\dimen301
\@cmidla=\count334
\@cmidlb=\count335
\@aboverulesep=\dimen302
\@belowrulesep=\dimen303
\@thisruleclass=\count336
\@lastruleclass=\count337
\@thisrulewidth=\dimen304
) (C:\Users\aless\AppData\Local\Programs\MiKTeX\tex/latex/base\fontenc.sty
Package: fontenc 2021/04/29 v2.0v Standard LaTeX package
) (C:\Users\aless\AppData\Local\Programs\MiKTeX\tex/latex/base\inputenc.sty
Package: inputenc 2021/02/14 v1.3d Input encoding file
\inpenc@prehook=\toks45
\inpenc@posthook=\toks46
) (C:\Users\aless\AppData\Local\Programs\MiKTeX\tex/generic/babel\babel.sty
Package: babel 2022/08/29 3.79 The Babel package
\babel@savecnt=\count338
\U@D=\dimen305
\l@unhyphenated=\language79
 (C:\Users\aless\AppData\Local\Programs\MiKTeX\tex/generic/babel\txtbabel.def)
\bbl@readstream=\read3
LaTeX Info: Redefining \textlatin on input line 4079.
\bbl@dirlevel=\count339

*************************************
* Local config file bblopts.cfg used
*
(C:\Users\aless\AppData\Local\Programs\MiKTeX\tex/latex/arabi\bblopts.cfg
File: bblopts.cfg 2005/09/08 v0.1 add Arabic and Farsi to "declared" options of babel
) (C:\Users\aless\AppData\Local\Programs\MiKTeX\tex/latex/babel-english\english.ldf
Language: english 2017/06/06 v3.3r English support from the babel system
Package babel Info: Hyphen rules for 'canadian' set to \l@english
(babel)             (\language0). Reported on input line 102.
Package babel Info: Hyphen rules for 'australian' set to \l@ukenglish
(babel)             (\language73). Reported on input line 105.
Package babel Info: Hyphen rules for 'newzealand' set to \l@ukenglish
(babel)             (\language73). Reported on input line 108.
)) (C:\Users\aless\AppData\Local\Programs\MiKTeX\tex/generic/babel/locale/en\babel-english.tex
Package babel Info: Importing font and identification data for english
(babel)             from babel-en.ini. Reported on input line 11.
) (C:\Users\aless\AppData\Local\Programs\MiKTeX\tex/latex/cite\cite.sty
LaTeX Info: Redefining \cite on input line 302.
LaTeX Info: Redefining \nocite on input line 332.
Package: cite 2015/02/27  v 5.5
) (C:\Users\aless\AppData\Local\Programs\MiKTeX\tex/latex/jknappen\mathrsfs.sty
Package: mathrsfs 1996/01/01 Math RSFS package v1.0 (jk)
\symrsfs=\mathgroup6
) (C:\Users\aless\AppData\Local\Programs\MiKTeX\tex/latex/mathtools\mathtools.sty
Package: mathtools 2022/06/29 v1.29 mathematical typesetting tools
 (C:\Users\aless\AppData\Local\Programs\MiKTeX\tex/latex/tools\calc.sty
Package: calc 2017/05/25 v4.3 Infix arithmetic (KKT,FJ)
\calc@Acount=\count340
\calc@Bcount=\count341
\calc@Adimen=\dimen306
\calc@Bdimen=\dimen307
\calc@Askip=\skip64
\calc@Bskip=\skip65
LaTeX Info: Redefining \setlength on input line 80.
LaTeX Info: Redefining \addtolength on input line 81.
\calc@Ccount=\count342
\calc@Cskip=\skip66
) (C:\Users\aless\AppData\Local\Programs\MiKTeX\tex/latex/mathtools\mhsetup.sty
Package: mhsetup 2021/03/18 v1.4 programming setup (MH)
)
\g_MT_multlinerow_int=\count343
\l_MT_multwidth_dim=\dimen308
\origjot=\skip67
\l_MT_shortvdotswithinadjustabove_dim=\dimen309
\l_MT_shortvdotswithinadjustbelow_dim=\dimen310
\l_MT_above_intertext_sep=\dimen311
\l_MT_below_intertext_sep=\dimen312
\l_MT_above_shortintertext_sep=\dimen313
\l_MT_below_shortintertext_sep=\dimen314
\xmathstrut@box=\box76
\xmathstrut@dim=\dimen315
) (C:\Users\aless\AppData\Local\Programs\MiKTeX\tex/latex/float\float.sty
Package: float 2001/11/08 v1.3d Float enhancements (AL)
\c@float@type=\count344
\float@exts=\toks47
\float@box=\box77
\@float@everytoks=\toks48
\@floatcapt=\box78
) (C:\Users\aless\AppData\Local\Programs\MiKTeX\tex/latex/wrapfig\wrapfig.sty
\wrapoverhang=\dimen316
\WF@size=\dimen317
\c@WF@wrappedlines=\count345
\WF@box=\box79
\WF@everypar=\toks49
Package: wrapfig 2003/01/31  v 3.6
) (C:\Users\aless\AppData\Local\Programs\MiKTeX\tex/latex/tools\array.sty
Package: array 2021/10/04 v2.5f Tabular extension package (FMi)
\col@sep=\dimen318
\ar@mcellbox=\box80
\extrarowheight=\dimen319
\NC@list=\toks50
\extratabsurround=\skip68
\backup@length=\skip69
\ar@cellbox=\box81
) (C:\Users\aless\AppData\Local\Programs\MiKTeX\tex/latex/base\fontenc.sty
Package: fontenc 2021/04/29 v2.0v Standard LaTeX package
)
\sympureletters=\mathgroup7
LaTeX Font Info:    Overwriting symbol font `pureletters' in version `bold'
(Font)                  OT1/mathkerncmss/m/sl --> OT1/mathkerncmss/bx/sl on input line 105.
 (C:\Users\aless\AppData\Local\Programs\MiKTeX\tex/latex/tools\bm.sty
Package: bm 2021/04/25 v1.2e Bold Symbol Support (DPC/FMi)
\symboldoperators=\mathgroup8
\symboldletters=\mathgroup9
\symboldsymbols=\mathgroup10
Package bm Info: No bold for \OMX/cmex/m/n, using \pmb.
Package bm Info: No bold for \U/msa/m/n, using \pmb.
Package bm Info: No bold for \U/msb/m/n, using \pmb.
Package bm Info: No bold for \U/rsfs/m/n, using \pmb.
\symboldpureletters=\mathgroup11
LaTeX Font Info:    Redeclaring math alphabet \mathbf on input line 149.
) (C:\Users\aless\AppData\Local\Programs\MiKTeX\tex/latex/tools\multicol.sty
Package: multicol 2021/10/28 v1.9b multicolumn formatting (FMi)
\c@tracingmulticols=\count346
\mult@box=\box82
\multicol@leftmargin=\dimen320
\c@unbalance=\count347
\c@collectmore=\count348
\doublecol@number=\count349
\multicoltolerance=\count350
\multicolpretolerance=\count351
\full@width=\dimen321
\page@free=\dimen322
\premulticols=\dimen323
\postmulticols=\dimen324
\multicolsep=\skip70
\multicolbaselineskip=\skip71
\partial@page=\box83
\last@line=\box84
\maxbalancingoverflow=\dimen325
\mult@rightbox=\box85
\mult@grightbox=\box86
\mult@firstbox=\box87
\mult@gfirstbox=\box88
\@tempa=\box89
\@tempa=\box90
\@tempa=\box91
\@tempa=\box92
\@tempa=\box93
\@tempa=\box94
\@tempa=\box95
\@tempa=\box96
\@tempa=\box97
\@tempa=\box98
\@tempa=\box99
\@tempa=\box100
\@tempa=\box101
\@tempa=\box102
\@tempa=\box103
\@tempa=\box104
\@tempa=\box105
\@tempa=\box106
\@tempa=\box107
\@tempa=\box108
\@tempa=\box109
\@tempa=\box110
\@tempa=\box111
\@tempa=\box112
\@tempa=\box113
\@tempa=\box114
\@tempa=\box115
\@tempa=\box116
\@tempa=\box117
\@tempa=\box118
\@tempa=\box119
\@tempa=\box120
\@tempa=\box121
\@tempa=\box122
\@tempa=\box123
\@tempa=\box124
\c@minrows=\count352
\c@columnbadness=\count353
\c@finalcolumnbadness=\count354
\last@try=\dimen326
\multicolovershoot=\dimen327
\multicolundershoot=\dimen328
\mult@nat@firstbox=\box125
\colbreak@box=\box126
\mc@col@check@num=\count355
) (C:\Users\aless\AppData\Local\Programs\MiKTeX\tex/latex/multirow\multirow.sty
Package: multirow 2021/03/15 v2.8 Span multiple rows of a table
\multirow@colwidth=\skip72
\multirow@cntb=\count356
\multirow@dima=\skip73
\bigstrutjot=\dimen329
) (C:\Users\aless\AppData\Local\Programs\MiKTeX\tex/latex/grffile\grffile.sty
Package: grffile 2019/11/11 v2.1 Extended file name support for graphics (legacy)
Package grffile Info: This package is an empty stub for compatibility on input line 40.
) (C:\Users\aless\AppData\Local\Programs\MiKTeX\tex/latex/pgf/basiclayer\pgf.sty
Package: pgf 2021/05/15 v3.1.9a (3.1.9a)
 (C:\Users\aless\AppData\Local\Programs\MiKTeX\tex/generic/pgf/modules\pgfmoduleshapes.code.tex
File: pgfmoduleshapes.code.tex 2021/05/15 v3.1.9a (3.1.9a)
\pgfnodeparttextbox=\box127
) (C:\Users\aless\AppData\Local\Programs\MiKTeX\tex/generic/pgf/modules\pgfmoduleplot.code.tex
File: pgfmoduleplot.code.tex 2021/05/15 v3.1.9a (3.1.9a)
) (C:\Users\aless\AppData\Local\Programs\MiKTeX\tex/latex/pgf/compatibility\pgfcomp-version-0-65.sty
Package: pgfcomp-version-0-65 2021/05/15 v3.1.9a (3.1.9a)
\pgf@nodesepstart=\dimen330
\pgf@nodesepend=\dimen331
) (C:\Users\aless\AppData\Local\Programs\MiKTeX\tex/latex/pgf/compatibility\pgfcomp-version-1-18.sty
Package: pgfcomp-version-1-18 2021/05/15 v3.1.9a (3.1.9a)
)) (C:\Users\aless\AppData\Local\Programs\MiKTeX\tex/latex/pgf/frontendlayer\tikz.sty (C:\Users\aless\AppData\Local\Programs\MiKTeX\tex/latex/pgf/utilities\pgffor.sty (C:\Users\aless\AppData\Local\Programs\MiKTeX\tex/generic/pgf/utilities\pgffor.code.tex
Package: pgffor 2021/05/15 v3.1.9a (3.1.9a)
 (C:\Users\aless\AppData\Local\Programs\MiKTeX\tex/generic/pgf/math\pgfmath.code.tex)
\pgffor@iter=\dimen332
\pgffor@skip=\dimen333
\pgffor@stack=\toks51
\pgffor@toks=\toks52
)) (C:\Users\aless\AppData\Local\Programs\MiKTeX\tex/generic/pgf/frontendlayer/tikz\tikz.code.tex
Package: tikz 2021/05/15 v3.1.9a (3.1.9a)
 (C:\Users\aless\AppData\Local\Programs\MiKTeX\tex/generic/pgf/libraries\pgflibraryplothandlers.code.tex
File: pgflibraryplothandlers.code.tex 2021/05/15 v3.1.9a (3.1.9a)
\pgf@plot@mark@count=\count357
\pgfplotmarksize=\dimen334
)
\tikz@lastx=\dimen335
\tikz@lasty=\dimen336
\tikz@lastxsaved=\dimen337
\tikz@lastysaved=\dimen338
\tikz@lastmovetox=\dimen339
\tikz@lastmovetoy=\dimen340
\tikzleveldistance=\dimen341
\tikzsiblingdistance=\dimen342
\tikz@figbox=\box128
\tikz@figbox@bg=\box129
\tikz@tempbox=\box130
\tikz@tempbox@bg=\box131
\tikztreelevel=\count358
\tikznumberofchildren=\count359
\tikznumberofcurrentchild=\count360
\tikz@fig@count=\count361
 (C:\Users\aless\AppData\Local\Programs\MiKTeX\tex/generic/pgf/modules\pgfmodulematrix.code.tex
File: pgfmodulematrix.code.tex 2021/05/15 v3.1.9a (3.1.9a)
\pgfmatrixcurrentrow=\count362
\pgfmatrixcurrentcolumn=\count363
\pgf@matrix@numberofcolumns=\count364
)
\tikz@expandcount=\count365
 (C:\Users\aless\AppData\Local\Programs\MiKTeX\tex/generic/pgf/frontendlayer/tikz/libraries\tikzlibrarytopaths.code.tex
File: tikzlibrarytopaths.code.tex 2021/05/15 v3.1.9a (3.1.9a)
))) (C:\Users\aless\AppData\Local\Programs\MiKTeX\tex/latex/tools\verbatim.sty
Package: verbatim 2020-07-07 v1.5u LaTeX2e package for verbatim enhancements
\every@verbatim=\toks53
\verbatim@line=\toks54
\verbatim@in@stream=\read4
) (C:\Users\aless\AppData\Local\Programs\MiKTeX\tex/latex/animate\animate.sty
Package: animate 2022/08/04 PDF & SVG animations from files and inline graphics
 (C:\Users\aless\AppData\Local\Programs\MiKTeX\tex/latex/base\ifthen.sty
Package: ifthen 2022/04/13 v1.1d Standard LaTeX ifthen package (DPC)
) (C:\Users\aless\AppData\Local\Programs\MiKTeX\tex/latex/oberdiek\ifdraft.sty
Package: ifdraft 2016/05/16 v1.4 Detect class options draft and final (HO)
) (C:\Users\aless\AppData\Local\Programs\MiKTeX\tex/latex/media9\pdfbase.sty
Package: pdfbase 2022/08/04 v0.55 driver independent access to low-level PDF features
 (C:\Users\aless\AppData\Local\Programs\MiKTeX\tex/latex/l3backend\l3backend-pdftex.def
File: l3backend-pdftex.def 2022-08-30 L3 backend support: PDF output (pdfTeX)
\l__color_backend_stack_int=\count366
\l__pdf_internal_box=\box132
)
\g_pbs_page_int=\count367
\g_pbs_oc_int=\count368
) (C:\Users\aless\AppData\Local\Programs\MiKTeX\tex/latex/zref\zref-abspage.sty
Package: zref-abspage 2022-04-07 v2.34 Module abspage for zref (HO)
 (C:\Users\aless\AppData\Local\Programs\MiKTeX\tex/latex/zref\zref-base.sty
Package: zref-base 2022-04-07 v2.34 Module base for zref (HO)
Package zref Info: New property list: main on input line 767.
Package zref Info: New property: default on input line 768.
Package zref Info: New property: page on input line 769.
)
\c@abspage=\count369
Package zref Info: New property: abspage on input line 65.
) (C:\Users\aless\AppData\Local\Programs\MiKTeX\tex/latex/ocgx2\ocgbase.sty
Package: ocgbase 2022/08/04 v0.22 support package for ocgx2.sty
\g_ocgbase_nd_int=\count370
)
\@anim@box=\box133
\@anim@measbox=\box134
\@anim@tmpdima=\dimen343
\@anim@tmpdimb=\dimen344
\@anim@num=\count371
\@anim@curframe=\count372
\@anim@curframe@zb=\count373
\@anim@resizeflags=\count374
\@anim@skipfram=\count375
\@anim@mulframecnt=\count376
\@anim@@tmlnfile=\read5
\@anim@tmpcnt=\count377
\c@@anim@ltxcnt=\count378
\@anim@curlayer=\count379
\@anim@lineno=\count380
\@anim@curfield=\count381
\@anim@@resizeflags=\count382
) (C:\Users\aless\AppData\Local\Programs\MiKTeX\tex/latex/caption\caption.sty
Package: caption 2022/03/01 v3.6b Customizing captions (AR)
 (C:\Users\aless\AppData\Local\Programs\MiKTeX\tex/latex/caption\caption3.sty
Package: caption3 2022/03/17 v2.3b caption3 kernel (AR)
\caption@tempdima=\dimen345
\captionmargin=\dimen346
\caption@leftmargin=\dimen347
\caption@rightmargin=\dimen348
\caption@width=\dimen349
\caption@indent=\dimen350
\caption@parindent=\dimen351
\caption@hangindent=\dimen352
Package caption Info: beamer document class detected.
 (C:\Users\aless\AppData\Local\Programs\MiKTeX\tex/latex/caption\caption-beamer.sto
File: caption-beamer.sto 2022/01/06 v2.0c Adaption of the caption package to the beamer document classes (AR)
))
\c@caption@flags=\count383
\c@continuedfloat=\count384
Package caption Info: float package is loaded.
Package caption Info: hyperref package is loaded.
Package caption Info: Hyperref support is turned off
(caption)             because hyperref has stopped early.
Package caption Info: wrapfig package is loaded.
) (C:\Users\aless\AppData\Local\Programs\MiKTeX\tex/latex/caption\subcaption.sty
Package: subcaption 2022/01/07 v1.5 Sub-captions (AR)
\c@subfigure=\count385
\c@subtable=\count386
)
LaTeX Font Info:    Trying to load font information for T1+txtt on input line 114.
 (C:\Users\aless\AppData\Local\Programs\MiKTeX\tex/latex/txfonts\t1txtt.fd
File: t1txtt.fd 2000/12/15 v3.1
) (C:\Users\aless\AppData\Local\Programs\MiKTeX\tex/latex/listings\listings.sty
\lst@mode=\count387
\lst@gtempboxa=\box135
\lst@token=\toks55
\lst@length=\count388
\lst@currlwidth=\dimen353
\lst@column=\count389
\lst@pos=\count390
\lst@lostspace=\dimen354
\lst@width=\dimen355
\lst@newlines=\count391
\lst@lineno=\count392
\lst@maxwidth=\dimen356
 (C:\Users\aless\AppData\Local\Programs\MiKTeX\tex/latex/listings\lstmisc.sty
File: lstmisc.sty 2020/03/24 1.8d (Carsten Heinz)
\c@lstnumber=\count393
\lst@skipnumbers=\count394
\lst@framebox=\box136
) (C:\Users\aless\AppData\Local\Programs\MiKTeX\tex/latex/listings\listings.cfg
File: listings.cfg 2020/03/24 1.8d listings configuration
))
Package: listings 2020/03/24 1.8d (Carsten Heinz)
 (C:\Users\aless\AppData\Local\Programs\MiKTeX\tex/generic/pgf/frontendlayer/tikz/libraries\tikzlibrarymatrix.code.tex
File: tikzlibrarymatrix.code.tex 2021/05/15 v3.1.9a (3.1.9a)
) (C:\Users\aless\AppData\Local\Programs\MiKTeX\tex/generic/pgf/frontendlayer/tikz/libraries\tikzlibraryshapes.geometric.code.tex
File: tikzlibraryshapes.geometric.code.tex 2021/05/15 v3.1.9a (3.1.9a)
 (C:\Users\aless\AppData\Local\Programs\MiKTeX\tex/generic/pgf/libraries/shapes\pgflibraryshapes.geometric.code.tex
File: pgflibraryshapes.geometric.code.tex 2021/05/15 v3.1.9a (3.1.9a)
)) (C:\Users\aless\AppData\Local\Programs\MiKTeX\tex/generic/pgf/frontendlayer/tikz/libraries\tikzlibrarycalc.code.tex
File: tikzlibrarycalc.code.tex 2021/05/15 v3.1.9a (3.1.9a)
) (C:\Users\aless\AppData\Local\Programs\MiKTeX\tex/generic/pgf/frontendlayer/tikz/libraries\tikzlibraryarrows.code.tex
File: tikzlibraryarrows.code.tex 2021/05/15 v3.1.9a (3.1.9a)
 (C:\Users\aless\AppData\Local\Programs\MiKTeX\tex/generic/pgf/libraries\pgflibraryarrows.code.tex
File: pgflibraryarrows.code.tex 2021/05/15 v3.1.9a (3.1.9a)
\arrowsize=\dimen357
))
\c@teo=\count395
\c@post=\count396
\c@defn=\count397
\c@prob=\count398
\c@hint=\count399
 (Seminar.aux)
\openout1 = `Seminar.aux'.

LaTeX Font Info:    Checking defaults for OML/cmm/m/it on input line 306.
LaTeX Font Info:    ... okay on input line 306.
LaTeX Font Info:    Checking defaults for OMS/cmsy/m/n on input line 306.
LaTeX Font Info:    ... okay on input line 306.
LaTeX Font Info:    Checking defaults for OT1/cmr/m/n on input line 306.
LaTeX Font Info:    ... okay on input line 306.
LaTeX Font Info:    Checking defaults for T1/cmr/m/n on input line 306.
LaTeX Font Info:    ... okay on input line 306.
LaTeX Font Info:    Checking defaults for TS1/cmr/m/n on input line 306.
LaTeX Font Info:    ... okay on input line 306.
LaTeX Font Info:    Checking defaults for OMX/cmex/m/n on input line 306.
LaTeX Font Info:    ... okay on input line 306.
LaTeX Font Info:    Checking defaults for U/cmr/m/n on input line 306.
LaTeX Font Info:    ... okay on input line 306.
LaTeX Font Info:    Checking defaults for PD1/pdf/m/n on input line 306.
LaTeX Font Info:    ... okay on input line 306.
LaTeX Font Info:    Checking defaults for PU/pdf/m/n on input line 306.
LaTeX Font Info:    ... okay on input line 306.

*geometry* driver: auto-detecting
*geometry* detected driver: pdftex
*geometry* verbose mode - [ preamble ] result:
* driver: pdftex
* paper: custom
* layout: <same size as paper>
* layoutoffset:(h,v)=(0.0pt,0.0pt)
* modes: includehead includefoot 
* h-part:(L,W,R)=(28.45274pt, 307.28987pt, 28.45274pt)
* v-part:(T,H,B)=(0.0pt, 273.14662pt, 0.0pt)
* \paperwidth=364.19536pt
* \paperheight=273.14662pt
* \textwidth=307.28987pt
* \textheight=244.6939pt
* \oddsidemargin=-43.81725pt
* \evensidemargin=-43.81725pt
* \topmargin=-72.26999pt
* \headheight=14.22636pt
* \headsep=0.0pt
* \topskip=11.0pt
* \footskip=14.22636pt
* \marginparwidth=4.0pt
* \marginparsep=10.0pt
* \columnsep=10.0pt
* \skip\footins=10.0pt plus 4.0pt minus 2.0pt
* \hoffset=0.0pt
* \voffset=0.0pt
* \mag=1000
* \@twocolumnfalse
* \@twosidefalse
* \@mparswitchfalse
* \@reversemarginfalse
* (1in=72.27pt=25.4mm, 1cm=28.453pt)

(C:\Users\aless\AppData\Local\Programs\MiKTeX\tex/context/base/mkii\supp-pdf.mkii
[Loading MPS to PDF converter (version 2006.09.02).]
\scratchcounter=\count400
\scratchdimen=\dimen358
\scratchbox=\box137
\nofMPsegments=\count401
\nofMParguments=\count402
\everyMPshowfont=\toks56
\MPscratchCnt=\count403
\MPscratchDim=\dimen359
\MPnumerator=\count404
\makeMPintoPDFobject=\count405
\everyMPtoPDFconversion=\toks57
) (C:\Users\aless\AppData\Local\Programs\MiKTeX\tex/latex/epstopdf-pkg\epstopdf-base.sty
Package: epstopdf-base 2020-01-24 v2.11 Base part for package epstopdf
Package epstopdf-base Info: Redefining graphics rule for `.eps' on input line 485.
 (C:\Users\aless\AppData\Local\Programs\MiKTeX\tex/latex/00miktex\epstopdf-sys.cfg
File: epstopdf-sys.cfg 2021/03/18 v2.0 Configuration of epstopdf for MiKTeX
))
Package hyperref Info: Link coloring OFF on input line 306.
 (Seminar.out) (Seminar.out)
\@outlinefile=\write5
\openout5 = `Seminar.out'.

LaTeX Font Info:    Overwriting symbol font `operators' in version `normal'
(Font)                  OT1/cmr/m/n --> OT1/cmss/m/n on input line 306.
LaTeX Font Info:    Overwriting symbol font `operators' in version `bold'
(Font)                  OT1/cmr/bx/n --> OT1/cmss/b/n on input line 306.
\symnumbers=\mathgroup12
LaTeX Font Info:    Redeclaring symbol font `pureletters' on input line 306.
LaTeX Font Info:    Encoding `OT1' has changed to `T1' for symbol font
(Font)              `pureletters' in the math version `normal' on input line 306.
LaTeX Font Info:    Overwriting symbol font `pureletters' in version `normal'
(Font)                  OT1/mathkerncmss/m/sl --> T1/cmss/m/it on input line 306.
LaTeX Font Info:    Encoding `OT1' has changed to `T1' for symbol font
(Font)              `pureletters' in the math version `bold' on input line 306.
LaTeX Font Info:    Overwriting symbol font `pureletters' in version `bold'
(Font)                  OT1/mathkerncmss/bx/sl --> T1/cmss/m/it on input line 306.
LaTeX Font Info:    Overwriting math alphabet `\mathrm' in version `normal'
(Font)                  OT1/cmss/m/n --> T1/cmr/m/n on input line 306.
LaTeX Font Info:    Redeclaring math alphabet \mathbf on input line 306.
LaTeX Font Info:    Redeclaring math alphabet \mathsf on input line 306.
LaTeX Font Info:    Overwriting math alphabet `\mathsf' in version `normal'
(Font)                  OT1/cmss/m/n --> T1/cmss/m/n on input line 306.
LaTeX Font Info:    Overwriting math alphabet `\mathsf' in version `bold'
(Font)                  OT1/cmss/bx/n --> T1/cmss/m/n on input line 306.
LaTeX Font Info:    Redeclaring math alphabet \mathit on input line 306.
LaTeX Font Info:    Overwriting math alphabet `\mathit' in version `normal'
(Font)                  OT1/cmr/m/it --> T1/cmss/m/it on input line 306.
LaTeX Font Info:    Overwriting math alphabet `\mathit' in version `bold'
(Font)                  OT1/cmr/bx/it --> T1/cmss/m/it on input line 306.
LaTeX Font Info:    Redeclaring math alphabet \mathtt on input line 306.
LaTeX Font Info:    Overwriting math alphabet `\mathtt' in version `normal'
(Font)                  OT1/cmtt/m/n --> T1/cmtt/m/n on input line 306.
LaTeX Font Info:    Overwriting math alphabet `\mathtt' in version `bold'
(Font)                  OT1/cmtt/m/n --> T1/cmtt/m/n on input line 306.
LaTeX Font Info:    Overwriting symbol font `numbers' in version `bold'
(Font)                  T1/cmss/m/n --> T1/cmss/b/n on input line 306.
LaTeX Font Info:    Overwriting symbol font `pureletters' in version `bold'
(Font)                  T1/cmss/m/it --> T1/cmss/b/it on input line 306.
LaTeX Font Info:    Overwriting math alphabet `\mathrm' in version `bold'
(Font)                  OT1/cmss/b/n --> T1/cmr/b/n on input line 306.
LaTeX Font Info:    Overwriting math alphabet `\mathbf' in version `bold'
(Font)                  T1/cmss/b/n --> T1/cmss/b/n on input line 306.
LaTeX Font Info:    Overwriting math alphabet `\mathsf' in version `bold'
(Font)                  T1/cmss/m/n --> T1/cmss/b/n on input line 306.
LaTeX Font Info:    Overwriting math alphabet `\mathit' in version `bold'
(Font)                  T1/cmss/m/it --> T1/cmss/b/it on input line 306.
LaTeX Font Info:    Overwriting math alphabet `\mathtt' in version `bold'
(Font)                  T1/cmtt/m/n --> T1/cmtt/b/n on input line 306.
LaTeX Font Info:    Redeclaring symbol font `pureletters' on input line 306.
LaTeX Font Info:    Encoding `T1' has changed to `OT1' for symbol font
(Font)              `pureletters' in the math version `normal' on input line 306.
LaTeX Font Info:    Overwriting symbol font `pureletters' in version `normal'
(Font)                  T1/cmss/m/it --> OT1/mathkerncmss/m/sl on input line 306.
LaTeX Font Info:    Encoding `T1' has changed to `OT1' for symbol font
(Font)              `pureletters' in the math version `bold' on input line 306.
LaTeX Font Info:    Overwriting symbol font `pureletters' in version `bold'
(Font)                  T1/cmss/b/it --> OT1/mathkerncmss/m/sl on input line 306.
LaTeX Font Info:    Overwriting symbol font `pureletters' in version `bold'
(Font)                  OT1/mathkerncmss/m/sl --> OT1/mathkerncmss/bx/sl on input line 306.
 (C:\Users\aless\AppData\Local\Programs\MiKTeX\tex/latex/translator\translator-basic-dictionary-English.dict
Dictionary: translator-basic-dictionary, Language: English 
) (C:\Users\aless\AppData\Local\Programs\MiKTeX\tex/latex/translator\translator-bibliography-dictionary-English.dict
Dictionary: translator-bibliography-dictionary, Language: English 
) (C:\Users\aless\AppData\Local\Programs\MiKTeX\tex/latex/translator\translator-environment-dictionary-English.dict
Dictionary: translator-environment-dictionary, Language: English 
) (C:\Users\aless\AppData\Local\Programs\MiKTeX\tex/latex/translator\translator-months-dictionary-English.dict
Dictionary: translator-months-dictionary, Language: English 
) (C:\Users\aless\AppData\Local\Programs\MiKTeX\tex/latex/translator\translator-numbers-dictionary-English.dict
Dictionary: translator-numbers-dictionary, Language: English 
) (C:\Users\aless\AppData\Local\Programs\MiKTeX\tex/latex/translator\translator-theorem-dictionary-English.dict
Dictionary: translator-theorem-dictionary, Language: English 
)
Package caption Info: Begin \AtBeginDocument code.
Package caption Info: listings package is loaded.
Package caption Info: End \AtBeginDocument code.
\c@lstlisting=\count406
 (Seminar.nav) [1{C:/Users/aless/AppData/Local/MiKTeX/fonts/map/pdftex/pdftex.map}

] (Seminar.toc) [2

]
LaTeX Font Info:    Trying to load font information for U+msa on input line 331.
 (C:\Users\aless\AppData\Local\Programs\MiKTeX\tex/latex/amsfonts\umsa.fd
File: umsa.fd 2013/01/14 v3.01 AMS symbols A
)
LaTeX Font Info:    Trying to load font information for U+msb on input line 331.
 (C:\Users\aless\AppData\Local\Programs\MiKTeX\tex/latex/amsfonts\umsb.fd
File: umsb.fd 2013/01/14 v3.01 AMS symbols B
)
LaTeX Font Info:    Trying to load font information for U+rsfs on input line 331.
 (C:\Users\aless\AppData\Local\Programs\MiKTeX\tex/latex/jknappen\ursfs.fd
File: ursfs.fd 1998/03/24 rsfs font definition file (jk)
)
LaTeX Font Info:    Trying to load font information for OT1+mathkerncmss on input line 331.
 (C:\Users\aless\AppData\Local\Programs\MiKTeX\tex/latex/sansmathaccent\ot1mathkerncmss.fd
File: ot1mathkerncmss.fd 2020/01/31 Fontinst v1.933 font definitions for OT1/mathkerncmss.
) [3

] [4

] [5

] [6

] [7

] [8

] [9

] [10

] [11

] [12

]
<Images/diff_anomalies.png, id=458, 462.22687pt x 243.91125pt>
File: Images/diff_anomalies.png Graphic file (type png)
<use Images/diff_anomalies.png>
Package pdftex.def Info: Images/diff_anomalies.png  used on input line 452.
(pdftex.def)             Requested size: 276.559pt x 145.93848pt.
 [13

 <./Images/diff_anomalies.png>] [14

] [15

] [16

] [17

] [18

] [19

] [20

] [21

] [22

] [23

] [24

]
<Images/original_l1.png, id=835, 871.75688pt x 651.18282pt>
File: Images/original_l1.png Graphic file (type png)
<use Images/original_l1.png>
Package pdftex.def Info: Images/original_l1.png  used on input line 611.
(pdftex.def)             Requested size: 245.83282pt x 183.63159pt.
 [25

 <./Images/original_l1.png>]
<Images/DAE_acc.png, id=869, 462.528pt x 346.896pt>
File: Images/DAE_acc.png Graphic file (type png)
<use Images/DAE_acc.png>
Package pdftex.def Info: Images/DAE_acc.png  used on input line 620.
(pdftex.def)             Requested size: 199.73653pt x 149.80284pt.
 [26

 <./Images/DAE_acc.png>]
<Images/RAE_acc.png, id=902, 462.528pt x 346.896pt>
File: Images/RAE_acc.png Graphic file (type png)
<use Images/RAE_acc.png>
Package pdftex.def Info: Images/RAE_acc.png  used on input line 629.
(pdftex.def)             Requested size: 199.73653pt x 149.80284pt.
 [27

 <./Images/RAE_acc.png>]
<Images/performance.png, id=936, 462.528pt x 346.896pt>
File: Images/performance.png Graphic file (type png)
<use Images/performance.png>
Package pdftex.def Info: Images/performance.png  used on input line 638.
(pdftex.def)             Requested size: 215.10196pt x 161.32614pt.
 [28

 <./Images/performance.png>] [29

] [30

]
<Images/lam20.0corr0.1/DAE_recon.png, id=1031, 1445.4pt x 289.08pt>
File: Images/lam20.0corr0.1/DAE_recon.png Graphic file (type png)
<use Images/lam20.0corr0.1/DAE_recon.png>
Package pdftex.def Info: Images/lam20.0corr0.1/DAE_recon.png  used on input line 665.
(pdftex.def)             Requested size: 291.92444pt x 58.38399pt.
 [31

 <./Images/lam20.0corr0.1/DAE_recon.png>]
<Images/lam20.0corr0.1/RAE_recon.png, id=1066, 1445.4pt x 289.08pt>
File: Images/lam20.0corr0.1/RAE_recon.png Graphic file (type png)
<use Images/lam20.0corr0.1/RAE_recon.png>
Package pdftex.def Info: Images/lam20.0corr0.1/RAE_recon.png  used on input line 674.
(pdftex.def)             Requested size: 291.92444pt x 58.38399pt.
 [32

 <./Images/lam20.0corr0.1/RAE_recon.png>]
<Images/lam20.0corr0.2/DAE_recon.png, id=1099, 1445.4pt x 289.08pt>
File: Images/lam20.0corr0.2/DAE_recon.png Graphic file (type png)
<use Images/lam20.0corr0.2/DAE_recon.png>
Package pdftex.def Info: Images/lam20.0corr0.2/DAE_recon.png  used on input line 683.
(pdftex.def)             Requested size: 291.92444pt x 58.38399pt.
 [33

 <./Images/lam20.0corr0.2/DAE_recon.png>]
<Images/lam20.0corr0.2/RAE_recon.png, id=1132, 1445.4pt x 289.08pt>
File: Images/lam20.0corr0.2/RAE_recon.png Graphic file (type png)
<use Images/lam20.0corr0.2/RAE_recon.png>
Package pdftex.def Info: Images/lam20.0corr0.2/RAE_recon.png  used on input line 692.
(pdftex.def)             Requested size: 291.92444pt x 58.38399pt.
 [34

 <./Images/lam20.0corr0.2/RAE_recon.png>]
<Images/lam20.0corr0.3/DAE_recon.png, id=1165, 1445.4pt x 289.08pt>
File: Images/lam20.0corr0.3/DAE_recon.png Graphic file (type png)
<use Images/lam20.0corr0.3/DAE_recon.png>
Package pdftex.def Info: Images/lam20.0corr0.3/DAE_recon.png  used on input line 701.
(pdftex.def)             Requested size: 291.92444pt x 58.38399pt.
 [35

 <./Images/lam20.0corr0.3/DAE_recon.png>]
<Images/lam20.0corr0.3/RAE_recon.png, id=1198, 1445.4pt x 289.08pt>
File: Images/lam20.0corr0.3/RAE_recon.png Graphic file (type png)
<use Images/lam20.0corr0.3/RAE_recon.png>
Package pdftex.def Info: Images/lam20.0corr0.3/RAE_recon.png  used on input line 710.
(pdftex.def)             Requested size: 291.92444pt x 58.38399pt.
 [36

 <./Images/lam20.0corr0.3/RAE_recon.png>]
<Images/lam20.0corr0.4/DAE_recon.png, id=1231, 1445.4pt x 289.08pt>
File: Images/lam20.0corr0.4/DAE_recon.png Graphic file (type png)
<use Images/lam20.0corr0.4/DAE_recon.png>
Package pdftex.def Info: Images/lam20.0corr0.4/DAE_recon.png  used on input line 719.
(pdftex.def)             Requested size: 291.92444pt x 58.38399pt.
 [37

 <./Images/lam20.0corr0.4/DAE_recon.png>]
<Images/lam20.0corr0.4/RAE_recon.png, id=1265, 1445.4pt x 289.08pt>
File: Images/lam20.0corr0.4/RAE_recon.png Graphic file (type png)
<use Images/lam20.0corr0.4/RAE_recon.png>
Package pdftex.def Info: Images/lam20.0corr0.4/RAE_recon.png  used on input line 728.
(pdftex.def)             Requested size: 291.92444pt x 58.38399pt.
 [38

 <./Images/lam20.0corr0.4/RAE_recon.png>]
<Images/lam20.0corr0.5/DAE_recon.png, id=1298, 1445.4pt x 289.08pt>
File: Images/lam20.0corr0.5/DAE_recon.png Graphic file (type png)
<use Images/lam20.0corr0.5/DAE_recon.png>
Package pdftex.def Info: Images/lam20.0corr0.5/DAE_recon.png  used on input line 737.
(pdftex.def)             Requested size: 291.92444pt x 58.38399pt.
 [39

 <./Images/lam20.0corr0.5/DAE_recon.png>]
<Images/lam20.0corr0.5/RAE_recon.png, id=1331, 1445.4pt x 289.08pt>
File: Images/lam20.0corr0.5/RAE_recon.png Graphic file (type png)
<use Images/lam20.0corr0.5/RAE_recon.png>
Package pdftex.def Info: Images/lam20.0corr0.5/RAE_recon.png  used on input line 746.
(pdftex.def)             Requested size: 291.92444pt x 58.38399pt.
 [40

 <./Images/lam20.0corr0.5/RAE_recon.png>] [41

] [42

] [43

]
<Images/l21_perf_article.png, id=1458, 459.96844pt x 359.09157pt>
File: Images/l21_perf_article.png Graphic file (type png)
<use Images/l21_perf_article.png>
Package pdftex.def Info: Images/l21_perf_article.png  used on input line 788.
(pdftex.def)             Requested size: 215.10196pt x 167.92924pt.
 [44

 <./Images/l21_perf_article.png>]
<Images/l21_experiment_from_0.1_to_10.1.jpg, id=1492, 433.62pt x 289.08pt>
File: Images/l21_experiment_from_0.1_to_10.1.jpg Graphic file (type jpg)
<use Images/l21_experiment_from_0.1_to_10.1.jpg>
Package pdftex.def Info: Images/l21_experiment_from_0.1_to_10.1.jpg  used on input line 797.
(pdftex.def)             Requested size: 245.83282pt x 163.89069pt.
 [45

 <./Images/l21_experiment_from_0.1_to_10.1.jpg>]
<Images/l21_experiment_from_5.0_to_6.0.jpg, id=1524, 433.62pt x 289.08pt>
File: Images/l21_experiment_from_5.0_to_6.0.jpg Graphic file (type jpg)
<use Images/l21_experiment_from_5.0_to_6.0.jpg>
Package pdftex.def Info: Images/l21_experiment_from_5.0_to_6.0.jpg  used on input line 806.
(pdftex.def)             Requested size: 245.83282pt x 163.89069pt.
 [46

 <./Images/l21_experiment_from_5.0_to_6.0.jpg>]
<Images/l21_experiment_from_5.4_to_5.6.jpg, id=1556, 433.62pt x 289.08pt>
File: Images/l21_experiment_from_5.4_to_5.6.jpg Graphic file (type jpg)
<use Images/l21_experiment_from_5.4_to_5.6.jpg>
Package pdftex.def Info: Images/l21_experiment_from_5.4_to_5.6.jpg  used on input line 815.
(pdftex.def)             Requested size: 245.83282pt x 163.89069pt.
 [47

 <./Images/l21_experiment_from_5.4_to_5.6.jpg>] [48

] [49

]
<Images/original_l21.png, id=1651, 290.08376pt x 290.08376pt>
File: Images/original_l21.png Graphic file (type png)
<use Images/original_l21.png>
Package pdftex.def Info: Images/original_l21.png  used on input line 844.
(pdftex.def)             Requested size: 153.64493pt x 153.64627pt.
 [50

 <./Images/original_l21.png (PNG copy)>]
<Images/l21R_5.468.png, id=1683, 290.08376pt x 290.08376pt>
File: Images/l21R_5.468.png Graphic file (type png)
<use Images/l21R_5.468.png>
Package pdftex.def Info: Images/l21R_5.468.png  used on input line 870.
(pdftex.def)             Requested size: 92.1879pt x 92.18687pt.
<Images/l21L_5.468.png, id=1684, 290.08376pt x 290.08376pt>
File: Images/l21L_5.468.png Graphic file (type png)
<use Images/l21L_5.468.png>
Package pdftex.def Info: Images/l21L_5.468.png  used on input line 870.
(pdftex.def)             Requested size: 92.1879pt x 92.18687pt.
<Images/l21S_5.468.png, id=1685, 290.08376pt x 290.08376pt>
File: Images/l21S_5.468.png Graphic file (type png)
<use Images/l21S_5.468.png>
Package pdftex.def Info: Images/l21S_5.468.png  used on input line 870.
(pdftex.def)             Requested size: 92.1879pt x 92.18687pt.
 [51

 <./Images/l21R_5.468.png (PNG copy)> <./Images/l21L_5.468.png (PNG copy)> <./Images/l21S_5.468.png (PNG copy)>]
<Images/l21R_8.png, id=1718, 290.08376pt x 290.08376pt>
File: Images/l21R_8.png Graphic file (type png)
<use Images/l21R_8.png>
Package pdftex.def Info: Images/l21R_8.png  used on input line 895.
(pdftex.def)             Requested size: 92.1879pt x 92.18687pt.
<Images/l21L_8.png, id=1719, 290.08376pt x 290.08376pt>
File: Images/l21L_8.png Graphic file (type png)
<use Images/l21L_8.png>
Package pdftex.def Info: Images/l21L_8.png  used on input line 895.
(pdftex.def)             Requested size: 92.1879pt x 92.18687pt.
<Images/l21S_8.png, id=1720, 290.08376pt x 290.08376pt>
File: Images/l21S_8.png Graphic file (type png)
<use Images/l21S_8.png>
Package pdftex.def Info: Images/l21S_8.png  used on input line 895.
(pdftex.def)             Requested size: 92.1879pt x 92.18687pt.
 [52

 <./Images/l21R_8.png (PNG copy)> <./Images/l21L_8.png (PNG copy)> <./Images/l21S_8.png (PNG copy)>]
<Images/l21R_4.png, id=1752, 290.08376pt x 290.08376pt>
File: Images/l21R_4.png Graphic file (type png)
<use Images/l21R_4.png>
Package pdftex.def Info: Images/l21R_4.png  used on input line 920.
(pdftex.def)             Requested size: 92.1879pt x 92.18687pt.
<Images/l21L_4.png, id=1753, 290.08376pt x 290.08376pt>
File: Images/l21L_4.png Graphic file (type png)
<use Images/l21L_4.png>
Package pdftex.def Info: Images/l21L_4.png  used on input line 920.
(pdftex.def)             Requested size: 92.1879pt x 92.18687pt.
<Images/l21S_4.png, id=1754, 290.08376pt x 290.08376pt>
File: Images/l21S_4.png Graphic file (type png)
<use Images/l21S_4.png>
Package pdftex.def Info: Images/l21S_4.png  used on input line 920.
(pdftex.def)             Requested size: 92.1879pt x 92.18687pt.
 [53

 <./Images/l21R_4.png (PNG copy)> <./Images/l21L_4.png (PNG copy)> <./Images/l21S_4.png (PNG copy)>] [54

]
<Images/isolation_forest.jpg, id=1817, 433.62pt x 289.08pt>
File: Images/isolation_forest.jpg Graphic file (type jpg)
<use Images/isolation_forest.jpg>
Package pdftex.def Info: Images/isolation_forest.jpg  used on input line 938.
(pdftex.def)             Requested size: 245.83282pt x 163.89069pt.
 [55

 <./Images/isolation_forest.jpg>] [56

] [57

] [58

] [59

] [60

]
<Images/lam1.0ts_non_anomaly3907.jpg, id=2007, 387.4475pt x 279.0425pt>
File: Images/lam1.0ts_non_anomaly3907.jpg Graphic file (type jpg)
<use Images/lam1.0ts_non_anomaly3907.jpg>
Package pdftex.def Info: Images/lam1.0ts_non_anomaly3907.jpg  used on input line 999.
(pdftex.def)             Requested size: 215.10196pt x 154.92151pt.
 [61

 <./Images/lam1.0ts_non_anomaly3907.jpg>]
<Images/lam1.0ts_non_anomaly5199.jpg, id=2040, 387.4475pt x 279.0425pt>
File: Images/lam1.0ts_non_anomaly5199.jpg Graphic file (type jpg)
<use Images/lam1.0ts_non_anomaly5199.jpg>
Package pdftex.def Info: Images/lam1.0ts_non_anomaly5199.jpg  used on input line 1008.
(pdftex.def)             Requested size: 215.10196pt x 154.92151pt.
 [62

 <./Images/lam1.0ts_non_anomaly5199.jpg>]
<Images/lam1.0ts_non_anomaly12235.jpg, id=2072, 391.4625pt x 279.0425pt>
File: Images/lam1.0ts_non_anomaly12235.jpg Graphic file (type jpg)
<use Images/lam1.0ts_non_anomaly12235.jpg>
Package pdftex.def Info: Images/lam1.0ts_non_anomaly12235.jpg  used on input line 1017.
(pdftex.def)             Requested size: 215.10196pt x 153.32907pt.
 [63

 <./Images/lam1.0ts_non_anomaly12235.jpg>]
<Images/lam1.0ts_anomaly9830.jpg, id=2104, 398.48875pt x 279.0425pt>
File: Images/lam1.0ts_anomaly9830.jpg Graphic file (type jpg)
<use Images/lam1.0ts_anomaly9830.jpg>
Package pdftex.def Info: Images/lam1.0ts_anomaly9830.jpg  used on input line 1026.
(pdftex.def)             Requested size: 215.10196pt x 150.62535pt.
 [64

 <./Images/lam1.0ts_anomaly9830.jpg>]
<Images/lam1.0ts_anomalyzoom9830.jpg, id=2136, 399.4925pt x 279.0425pt>
File: Images/lam1.0ts_anomalyzoom9830.jpg Graphic file (type jpg)
<use Images/lam1.0ts_anomalyzoom9830.jpg>
Package pdftex.def Info: Images/lam1.0ts_anomalyzoom9830.jpg  used on input line 1035.
(pdftex.def)             Requested size: 215.10196pt x 150.2464pt.
 [65

 <./Images/lam1.0ts_anomalyzoom9830.jpg>]
<Images/lam1.0ts_anomaly16519.jpg, id=2168, 385.44pt x 279.0425pt>
File: Images/lam1.0ts_anomaly16519.jpg Graphic file (type jpg)
<use Images/lam1.0ts_anomaly16519.jpg>
Package pdftex.def Info: Images/lam1.0ts_anomaly16519.jpg  used on input line 1044.
(pdftex.def)             Requested size: 215.10196pt x 155.72198pt.
 [66

 <./Images/lam1.0ts_anomaly16519.jpg>]
<Images/lam1.0ts_anomalyzoom16519.jpg, id=2200, 387.4475pt x 279.0425pt>
File: Images/lam1.0ts_anomalyzoom16519.jpg Graphic file (type jpg)
<use Images/lam1.0ts_anomalyzoom16519.jpg>
Package pdftex.def Info: Images/lam1.0ts_anomalyzoom16519.jpg  used on input line 1053.
(pdftex.def)             Requested size: 215.10196pt x 154.92151pt.
 [67

 <./Images/lam1.0ts_anomalyzoom16519.jpg>]
<Images/lam1.0ts_anomaly18313.jpg, id=2233, 394.47375pt x 279.0425pt>
File: Images/lam1.0ts_anomaly18313.jpg Graphic file (type jpg)
<use Images/lam1.0ts_anomaly18313.jpg>
Package pdftex.def Info: Images/lam1.0ts_anomaly18313.jpg  used on input line 1062.
(pdftex.def)             Requested size: 215.10196pt x 152.15817pt.
 [68

 <./Images/lam1.0ts_anomaly18313.jpg>]
<Images/lam1.0ts_anomalyzoom18313.jpg, id=2265, 396.48125pt x 279.0425pt>
File: Images/lam1.0ts_anomalyzoom18313.jpg Graphic file (type jpg)
<use Images/lam1.0ts_anomalyzoom18313.jpg>
Package pdftex.def Info: Images/lam1.0ts_anomalyzoom18313.jpg  used on input line 1071.
(pdftex.def)             Requested size: 215.10196pt x 151.39175pt.
 [69

 <./Images/lam1.0ts_anomalyzoom18313.jpg>] [70

]
<Images/LSTMlam3.3ts_non_anomaly4988.jpg, id=2328, 387.4475pt x 279.0425pt>
File: Images/LSTMlam3.3ts_non_anomaly4988.jpg Graphic file (type jpg)
<use Images/LSTMlam3.3ts_non_anomaly4988.jpg>
Package pdftex.def Info: Images/LSTMlam3.3ts_non_anomaly4988.jpg  used on input line 1090.
(pdftex.def)             Requested size: 215.10196pt x 154.92151pt.
 [71

 <./Images/LSTMlam3.3ts_non_anomaly4988.jpg>]
<Images/LSTMlam3.3ts_non_anomaly5460.jpg, id=2360, 387.4475pt x 279.0425pt>
File: Images/LSTMlam3.3ts_non_anomaly5460.jpg Graphic file (type jpg)
<use Images/LSTMlam3.3ts_non_anomaly5460.jpg>
Package pdftex.def Info: Images/LSTMlam3.3ts_non_anomaly5460.jpg  used on input line 1099.
(pdftex.def)             Requested size: 215.10196pt x 154.92151pt.
 [72

 <./Images/LSTMlam3.3ts_non_anomaly5460.jpg>]
<Images/LSTMlam3.3ts_non_anomaly13390.jpg, id=2392, 402.50375pt x 279.0425pt>
File: Images/LSTMlam3.3ts_non_anomaly13390.jpg Graphic file (type jpg)
<use Images/LSTMlam3.3ts_non_anomaly13390.jpg>
Package pdftex.def Info: Images/LSTMlam3.3ts_non_anomaly13390.jpg  used on input line 1108.
(pdftex.def)             Requested size: 215.10196pt x 149.12233pt.
 [73

 <./Images/LSTMlam3.3ts_non_anomaly13390.jpg>]
<Images/LSTMlam3.3ts_anomaly5105.jpg, id=2425, 401.5pt x 279.0425pt>
File: Images/LSTMlam3.3ts_anomaly5105.jpg Graphic file (type jpg)
<use Images/LSTMlam3.3ts_anomaly5105.jpg>
Package pdftex.def Info: Images/LSTMlam3.3ts_anomaly5105.jpg  used on input line 1117.
(pdftex.def)             Requested size: 215.10196pt x 149.50128pt.
 [74

 <./Images/LSTMlam3.3ts_anomaly5105.jpg>]
<Images/LSTMlam3.3ts_anomalyzoom5105.jpg, id=2457, 387.4475pt x 279.0425pt>
File: Images/LSTMlam3.3ts_anomalyzoom5105.jpg Graphic file (type jpg)
<use Images/LSTMlam3.3ts_anomalyzoom5105.jpg>
Package pdftex.def Info: Images/LSTMlam3.3ts_anomalyzoom5105.jpg  used on input line 1126.
(pdftex.def)             Requested size: 215.10196pt x 154.92151pt.
 [75

 <./Images/LSTMlam3.3ts_anomalyzoom5105.jpg>]
<Images/LSTMlam3.3ts_anomaly5223.jpg, id=2489, 392.46625pt x 279.0425pt>
File: Images/LSTMlam3.3ts_anomaly5223.jpg Graphic file (type jpg)
<use Images/LSTMlam3.3ts_anomaly5223.jpg>
Package pdftex.def Info: Images/LSTMlam3.3ts_anomaly5223.jpg  used on input line 1135.
(pdftex.def)             Requested size: 215.10196pt x 152.9416pt.
 [76

 <./Images/LSTMlam3.3ts_anomaly5223.jpg>]
<Images/LSTMlam3.3ts_anomalyzoom5223.jpg, id=2521, 387.4475pt x 279.0425pt>
File: Images/LSTMlam3.3ts_anomalyzoom5223.jpg Graphic file (type jpg)
<use Images/LSTMlam3.3ts_anomalyzoom5223.jpg>
Package pdftex.def Info: Images/LSTMlam3.3ts_anomalyzoom5223.jpg  used on input line 1144.
(pdftex.def)             Requested size: 215.10196pt x 154.92151pt.
 [77

 <./Images/LSTMlam3.3ts_anomalyzoom5223.jpg>]
<Images/LSTMlam3.3ts_anomaly5436.jpg, id=2553, 392.46625pt x 279.0425pt>
File: Images/LSTMlam3.3ts_anomaly5436.jpg Graphic file (type jpg)
<use Images/LSTMlam3.3ts_anomaly5436.jpg>
Package pdftex.def Info: Images/LSTMlam3.3ts_anomaly5436.jpg  used on input line 1153.
(pdftex.def)             Requested size: 215.10196pt x 152.9416pt.
 [78

 <./Images/LSTMlam3.3ts_anomaly5436.jpg>]
<Images/LSTMlam3.3ts_anomalyzoom5436.jpg, id=2585, 387.4475pt x 279.0425pt>
File: Images/LSTMlam3.3ts_anomalyzoom5436.jpg Graphic file (type jpg)
<use Images/LSTMlam3.3ts_anomalyzoom5436.jpg>
Package pdftex.def Info: Images/LSTMlam3.3ts_anomalyzoom5436.jpg  used on input line 1162.
(pdftex.def)             Requested size: 215.10196pt x 154.92151pt.
 [79

 <./Images/LSTMlam3.3ts_anomalyzoom5436.jpg>] [80

]
<Images/GRUlam3.3ts_non_anomalyzoom14177.jpg, id=2649, 387.4475pt x 279.0425pt>
File: Images/GRUlam3.3ts_non_anomalyzoom14177.jpg Graphic file (type jpg)
<use Images/GRUlam3.3ts_non_anomalyzoom14177.jpg>
Package pdftex.def Info: Images/GRUlam3.3ts_non_anomalyzoom14177.jpg  used on input line 1181.
(pdftex.def)             Requested size: 215.10196pt x 154.92151pt.
 [81

 <./Images/GRUlam3.3ts_non_anomalyzoom14177.jpg>]
<Images/GRUlam3.3ts_non_anomalyzoom15044.jpg, id=2681, 387.4475pt x 279.0425pt>
File: Images/GRUlam3.3ts_non_anomalyzoom15044.jpg Graphic file (type jpg)
<use Images/GRUlam3.3ts_non_anomalyzoom15044.jpg>
Package pdftex.def Info: Images/GRUlam3.3ts_non_anomalyzoom15044.jpg  used on input line 1190.
(pdftex.def)             Requested size: 215.10196pt x 154.92151pt.
 [82

 <./Images/GRUlam3.3ts_non_anomalyzoom15044.jpg>]
<Images/GRUlam3.3ts_non_anomalyzoom15532.jpg, id=2713, 398.48875pt x 279.0425pt>
File: Images/GRUlam3.3ts_non_anomalyzoom15532.jpg Graphic file (type jpg)
<use Images/GRUlam3.3ts_non_anomalyzoom15532.jpg>
Package pdftex.def Info: Images/GRUlam3.3ts_non_anomalyzoom15532.jpg  used on input line 1199.
(pdftex.def)             Requested size: 215.10196pt x 150.62535pt.
 [83

 <./Images/GRUlam3.3ts_non_anomalyzoom15532.jpg>]
<Images/GRUlam3.3ts_anomaly9700.jpg, id=2745, 401.5pt x 279.0425pt>
File: Images/GRUlam3.3ts_anomaly9700.jpg Graphic file (type jpg)
<use Images/GRUlam3.3ts_anomaly9700.jpg>
Package pdftex.def Info: Images/GRUlam3.3ts_anomaly9700.jpg  used on input line 1208.
(pdftex.def)             Requested size: 215.10196pt x 149.50128pt.
 [84

 <./Images/GRUlam3.3ts_anomaly9700.jpg>]
<Images/GRUlam3.3ts_anomalyzoom9700.jpg, id=2777, 387.4475pt x 279.0425pt>
File: Images/GRUlam3.3ts_anomalyzoom9700.jpg Graphic file (type jpg)
<use Images/GRUlam3.3ts_anomalyzoom9700.jpg>
Package pdftex.def Info: Images/GRUlam3.3ts_anomalyzoom9700.jpg  used on input line 1217.
(pdftex.def)             Requested size: 215.10196pt x 154.92151pt.
 [85

 <./Images/GRUlam3.3ts_anomalyzoom9700.jpg>]
<Images/GRUlam3.3ts_anomaly10295.jpg, id=2810, 406.51875pt x 279.0425pt>
File: Images/GRUlam3.3ts_anomaly10295.jpg Graphic file (type jpg)
<use Images/GRUlam3.3ts_anomaly10295.jpg>
Package pdftex.def Info: Images/GRUlam3.3ts_anomaly10295.jpg  used on input line 1226.
(pdftex.def)             Requested size: 215.10196pt x 147.64911pt.
 [86

 <./Images/GRUlam3.3ts_anomaly10295.jpg>]
<Images/GRUlam3.3ts_anomalyzoom10295.jpg, id=2842, 391.4625pt x 279.0425pt>
File: Images/GRUlam3.3ts_anomalyzoom10295.jpg Graphic file (type jpg)
<use Images/GRUlam3.3ts_anomalyzoom10295.jpg>
Package pdftex.def Info: Images/GRUlam3.3ts_anomalyzoom10295.jpg  used on input line 1235.
(pdftex.def)             Requested size: 215.10196pt x 153.32907pt.
 [87

 <./Images/GRUlam3.3ts_anomalyzoom10295.jpg>]
<Images/GRUlam3.3ts_anomaly10305.jpg, id=2874, 401.5pt x 279.0425pt>
File: Images/GRUlam3.3ts_anomaly10305.jpg Graphic file (type jpg)
<use Images/GRUlam3.3ts_anomaly10305.jpg>
Package pdftex.def Info: Images/GRUlam3.3ts_anomaly10305.jpg  used on input line 1244.
(pdftex.def)             Requested size: 215.10196pt x 149.50128pt.
 [88

 <./Images/GRUlam3.3ts_anomaly10305.jpg>]
<Images/GRUlam3.3ts_anomalyzoom10305.jpg, id=2906, 387.4475pt x 279.0425pt>
File: Images/GRUlam3.3ts_anomalyzoom10305.jpg Graphic file (type jpg)
<use Images/GRUlam3.3ts_anomalyzoom10305.jpg>
Package pdftex.def Info: Images/GRUlam3.3ts_anomalyzoom10305.jpg  used on input line 1253.
(pdftex.def)             Requested size: 215.10196pt x 154.92151pt.
 [89

 <./Images/GRUlam3.3ts_anomalyzoom10305.jpg>] [90

] [91

] (Seminar.bbl) [92

 <C:/Users/aless/AppData/Local/Programs/MiKTeX/tex/latex/beamer/beamericonarticle.pdf>]
\tf@nav=\write6
\openout6 = `Seminar.nav'.

\tf@toc=\write7
\openout7 = `Seminar.toc'.

\tf@snm=\write8
\openout8 = `Seminar.snm'.

 (Seminar.aux)
Package rerunfilecheck Info: File `Seminar.out' has not changed.
(rerunfilecheck)             Checksum: 198E00200414136895F0FF33B9B56663;451.
 ) 
Here is how much of TeX's memory you used:
 33918 strings out of 475389
 686087 string characters out of 2777000
 985546 words of memory out of 3000000
 54341 multiletter control sequences out of 15000+600000
 503761 words of font info for 120 fonts, out of 8000000 for 9000
 1141 hyphenation exceptions out of 8191
 128i,19n,122p,446b,682s stack positions out of 10000i,1000n,20000p,200000b,80000s
 <C:\Users\aless\AppData\Local\MiKTeX\fonts/pk/ljfour/jknappen/ec/dpi600\ecss2488.pk> <C:\Users\aless\AppData\Local\MiKTeX\fonts/pk/ljfour/jknappen/ec/dpi600\ecsx1095.pk> <C:\Users\aless\AppData\Local\MiKTeX\fonts/pk/ljfour/jknappen/ec/dpi600\ecss0900.pk> <C:\Users\aless\AppData\Local\MiKTeX\fonts/pk/ljfour/jknappen/ec/dpi600\ecss0700.pk> <C:\Users\aless\AppData\Local\MiKTeX\fonts/pk/ljfour/jknappen/ec/dpi600\ecss1000.pk> <C:\Users\aless\AppData\Local\MiKTeX\fonts/pk/ljfour/jknappen/ec/dpi600\ecss0800.pk> <C:\Users\aless\AppData\Local\MiKTeX\fonts/pk/ljfour/jknappen/ec/dpi600\ecsi1095.pk> <C:\Users\aless\AppData\Local\MiKTeX\fonts/pk/ljfour/jknappen/ec/dpi600\ecss1095.pk> <C:\Users\aless\AppData\Local\MiKTeX\fonts/pk/ljfour/jknappen/ec/dpi600\ecss1440.pk> <C:\Users\aless\AppData\Local\MiKTeX\fonts/pk/ljfour/jknappen/ec/dpi600\ecss0600.pk><C:/Users/aless/AppData/Local/Programs/MiKTeX/fonts/type1/public/amsfonts/cm/cmex10.pfb><C:/Users/aless/AppData/Local/Programs/MiKTeX/fonts/type1/public/amsfonts/cm/cmmi10.pfb><C:/Users/aless/AppData/Local/Programs/MiKTeX/fonts/type1/public/amsfonts/cm/cmmi12.pfb><C:/Users/aless/AppData/Local/Programs/MiKTeX/fonts/type1/public/amsfonts/cm/cmmi6.pfb><C:/Users/aless/AppData/Local/Programs/MiKTeX/fonts/type1/public/amsfonts/cm/cmmi7.pfb><C:/Users/aless/AppData/Local/Programs/MiKTeX/fonts/type1/public/amsfonts/cm/cmmi8.pfb><C:/Users/aless/AppData/Local/Programs/MiKTeX/fonts/type1/public/amsfonts/cm/cmss10.pfb><C:/Users/aless/AppData/Local/Programs/MiKTeX/fonts/type1/public/amsfonts/cm/cmss12.pfb><C:/Users/aless/AppData/Local/Programs/MiKTeX/fonts/type1/public/amsfonts/cm/cmss8.pfb><C:/Users/aless/AppData/Local/Programs/MiKTeX/fonts/type1/public/amsfonts/cm/cmssi10.pfb><C:/Users/aless/AppData/Local/Programs/MiKTeX/fonts/type1/public/amsfonts/cm/cmssi12.pfb><C:/Users/aless/AppData/Local/Programs/MiKTeX/fonts/type1/public/amsfonts/cm/cmssi8.pfb><C:/Users/aless/AppData/Local/Programs/MiKTeX/fonts/type1/public/amsfonts/cm/cmsy10.pfb><C:/Users/aless/AppData/Local/Programs/MiKTeX/fonts/type1/public/amsfonts/cm/cmsy6.pfb><C:/Users/aless/AppData/Local/Programs/MiKTeX/fonts/type1/public/amsfonts/cm/cmsy8.pfb><C:/Users/aless/AppData/Local/Programs/MiKTeX/fonts/type1/public/amsfonts/symbols/msbm10.pfb>
Output written on Seminar.pdf (92 pages, 2811611 bytes).
PDF statistics:
 3474 PDF objects out of 3580 (max. 8388607)
 193 named destinations out of 1000 (max. 500000)
 432 words of extra memory for PDF output out of 10000 (max. 10000000)

